{"/Users/christian.anagnostou/Projects/skillbox/src/commands/add-repo.ts": {"path":"/Users/christian.anagnostou/Projects/skillbox/src/commands/add-repo.ts","statementMap":{"0":{"start":{"line":37,"column":2},"end":{"line":39,"column":null}},"1":{"start":{"line":38,"column":4},"end":{"line":38,"column":null}},"2":{"start":{"line":40,"column":23},"end":{"line":40,"column":null}},"3":{"start":{"line":41,"column":2},"end":{"line":41,"column":null}},"4":{"start":{"line":41,"column":33},"end":{"line":41,"column":55}},"5":{"start":{"line":45,"column":8},"end":{"line":45,"column":null}},"6":{"start":{"line":46,"column":2},"end":{"line":48,"column":null}},"7":{"start":{"line":47,"column":4},"end":{"line":47,"column":null}},"8":{"start":{"line":49,"column":2},"end":{"line":49,"column":null}},"9":{"start":{"line":57,"column":44},"end":{"line":60,"column":null}},"10":{"start":{"line":61,"column":23},"end":{"line":61,"column":null}},"11":{"start":{"line":62,"column":8},"end":{"line":62,"column":null}},"12":{"start":{"line":63,"column":17},"end":{"line":63,"column":null}},"13":{"start":{"line":64,"column":24},"end":{"line":64,"column":null}},"14":{"start":{"line":66,"column":2},"end":{"line":92,"column":null}},"15":{"start":{"line":67,"column":16},"end":{"line":67,"column":null}},"16":{"start":{"line":68,"column":4},"end":{"line":70,"column":null}},"17":{"start":{"line":69,"column":6},"end":{"line":69,"column":null}},"18":{"start":{"line":71,"column":10},"end":{"line":73,"column":null}},"19":{"start":{"line":72,"column":6},"end":{"line":72,"column":null}},"20":{"start":{"line":74,"column":20},"end":{"line":74,"column":null}},"21":{"start":{"line":76,"column":10},"end":{"line":76,"column":null}},"22":{"start":{"line":77,"column":4},"end":{"line":79,"column":null}},"23":{"start":{"line":78,"column":6},"end":{"line":78,"column":null}},"24":{"start":{"line":83,"column":10},"end":{"line":83,"column":null}},"25":{"start":{"line":84,"column":4},"end":{"line":91,"column":null}},"26":{"start":{"line":85,"column":6},"end":{"line":90,"column":null}},"27":{"start":{"line":96,"column":2},"end":{"line":96,"column":null}},"28":{"start":{"line":100,"column":14},"end":{"line":100,"column":null}},"29":{"start":{"line":101,"column":21},"end":{"line":101,"column":null}},"30":{"start":{"line":103,"column":21},"end":{"line":103,"column":null}},"31":{"start":{"line":103,"column":43},"end":{"line":103,"column":53}},"32":{"start":{"line":105,"column":2},"end":{"line":117,"column":null}},"33":{"start":{"line":106,"column":4},"end":{"line":109,"column":null}},"34":{"start":{"line":107,"column":6},"end":{"line":107,"column":null}},"35":{"start":{"line":108,"column":6},"end":{"line":108,"column":null}},"36":{"start":{"line":110,"column":4},"end":{"line":110,"column":null}},"37":{"start":{"line":111,"column":4},"end":{"line":111,"column":null}},"38":{"start":{"line":112,"column":4},"end":{"line":112,"column":null}},"39":{"start":{"line":113,"column":4},"end":{"line":115,"column":null}},"40":{"start":{"line":114,"column":6},"end":{"line":114,"column":null}},"41":{"start":{"line":116,"column":4},"end":{"line":116,"column":null}},"42":{"start":{"line":119,"column":19},"end":{"line":119,"column":null}},"43":{"start":{"line":120,"column":2},"end":{"line":122,"column":null}},"44":{"start":{"line":121,"column":4},"end":{"line":121,"column":null}},"45":{"start":{"line":124,"column":38},"end":{"line":124,"column":null}},"46":{"start":{"line":125,"column":16},"end":{"line":125,"column":null}},"47":{"start":{"line":127,"column":2},"end":{"line":185,"column":null}},"48":{"start":{"line":128,"column":4},"end":{"line":130,"column":null}},"49":{"start":{"line":129,"column":6},"end":{"line":129,"column":null}},"50":{"start":{"line":132,"column":29},"end":{"line":132,"column":null}},"51":{"start":{"line":132,"column":58},"end":{"line":132,"column":83}},"52":{"start":{"line":134,"column":4},"end":{"line":184,"column":null}},"53":{"start":{"line":135,"column":28},"end":{"line":138,"column":null}},"54":{"start":{"line":139,"column":12},"end":{"line":139,"column":null}},"55":{"start":{"line":140,"column":6},"end":{"line":143,"column":null}},"56":{"start":{"line":141,"column":8},"end":{"line":141,"column":null}},"57":{"start":{"line":142,"column":8},"end":{"line":142,"column":null}},"58":{"start":{"line":145,"column":6},"end":{"line":145,"column":null}},"59":{"start":{"line":147,"column":25},"end":{"line":147,"column":null}},"60":{"start":{"line":148,"column":21},"end":{"line":153,"column":null}},"61":{"start":{"line":155,"column":12},"end":{"line":155,"column":null}},"62":{"start":{"line":156,"column":6},"end":{"line":156,"column":null}},"63":{"start":{"line":157,"column":12},"end":{"line":162,"column":null}},"64":{"start":{"line":164,"column":39},"end":{"line":164,"column":null}},"65":{"start":{"line":165,"column":6},"end":{"line":165,"column":null}},"66":{"start":{"line":167,"column":12},"end":{"line":173,"column":null}},"67":{"start":{"line":175,"column":6},"end":{"line":175,"column":null}},"68":{"start":{"line":176,"column":6},"end":{"line":180,"column":null}},"69":{"start":{"line":177,"column":8},"end":{"line":177,"column":null}},"70":{"start":{"line":179,"column":8},"end":{"line":179,"column":null}},"71":{"start":{"line":182,"column":12},"end":{"line":182,"column":null}},"72":{"start":{"line":183,"column":6},"end":{"line":183,"column":null}},"73":{"start":{"line":187,"column":2},"end":{"line":187,"column":null}},"74":{"start":{"line":189,"column":2},"end":{"line":192,"column":null}},"75":{"start":{"line":190,"column":4},"end":{"line":190,"column":null}},"76":{"start":{"line":191,"column":4},"end":{"line":191,"column":null}},"77":{"start":{"line":194,"column":2},"end":{"line":194,"column":null}},"78":{"start":{"line":195,"column":2},"end":{"line":195,"column":null}},"79":{"start":{"line":196,"column":2},"end":{"line":196,"column":null}},"80":{"start":{"line":197,"column":2},"end":{"line":197,"column":null}},"81":{"start":{"line":199,"column":2},"end":{"line":205,"column":null}},"82":{"start":{"line":200,"column":4},"end":{"line":200,"column":null}},"83":{"start":{"line":201,"column":4},"end":{"line":201,"column":null}},"84":{"start":{"line":202,"column":4},"end":{"line":204,"column":null}},"85":{"start":{"line":203,"column":6},"end":{"line":203,"column":null}},"86":{"start":{"line":207,"column":2},"end":{"line":213,"column":null}},"87":{"start":{"line":208,"column":4},"end":{"line":208,"column":null}},"88":{"start":{"line":209,"column":4},"end":{"line":209,"column":null}},"89":{"start":{"line":210,"column":4},"end":{"line":212,"column":null}},"90":{"start":{"line":211,"column":6},"end":{"line":211,"column":null}},"91":{"start":{"line":215,"column":2},"end":{"line":221,"column":null}},"92":{"start":{"line":216,"column":4},"end":{"line":216,"column":null}},"93":{"start":{"line":217,"column":4},"end":{"line":217,"column":null}},"94":{"start":{"line":218,"column":4},"end":{"line":220,"column":null}},"95":{"start":{"line":219,"column":6},"end":{"line":219,"column":null}},"96":{"start":{"line":223,"column":2},"end":{"line":229,"column":null}},"97":{"start":{"line":224,"column":4},"end":{"line":224,"column":null}},"98":{"start":{"line":225,"column":4},"end":{"line":225,"column":null}},"99":{"start":{"line":226,"column":4},"end":{"line":228,"column":null}},"100":{"start":{"line":227,"column":6},"end":{"line":227,"column":null}},"101":{"start":{"line":231,"column":16},"end":{"line":231,"column":null}},"102":{"start":{"line":232,"column":2},"end":{"line":235,"column":null}},"103":{"start":{"line":233,"column":4},"end":{"line":233,"column":null}},"104":{"start":{"line":234,"column":4},"end":{"line":234,"column":null}}},"fnMap":{"0":{"name":"normalizeSkillSelection","decl":{"start":{"line":36,"column":9},"end":{"line":36,"column":33}},"loc":{"start":{"line":36,"column":83},"end":{"line":42,"column":null}},"line":36},"1":{"name":"(anonymous_1)","decl":{"start":{"line":41,"column":23},"end":{"line":41,"column":24}},"loc":{"start":{"line":41,"column":33},"end":{"line":41,"column":55}},"line":41},"2":{"name":"ensureRepoRef","decl":{"start":{"line":44,"column":15},"end":{"line":44,"column":29}},"loc":{"start":{"line":44,"column":62},"end":{"line":50,"column":null}},"line":44},"3":{"name":"installSkillTargets","decl":{"start":{"line":52,"column":15},"end":{"line":52,"column":null}},"loc":{"start":{"line":56,"column":17},"end":{"line":93,"column":null}},"line":56},"4":{"name":"(anonymous_4)","decl":{"start":{"line":71,"column":56},"end":{"line":71,"column":57}},"loc":{"start":{"line":72,"column":6},"end":{"line":72,"column":null}},"line":72},"5":{"name":"isRepoUrl","decl":{"start":{"line":95,"column":16},"end":{"line":95,"column":26}},"loc":{"start":{"line":95,"column":50},"end":{"line":97,"column":null}},"line":95},"6":{"name":"handleRepoInstall","decl":{"start":{"line":99,"column":22},"end":{"line":99,"column":40}},"loc":{"start":{"line":99,"column":95},"end":{"line":236,"column":null}},"line":99},"7":{"name":"(anonymous_7)","decl":{"start":{"line":103,"column":32},"end":{"line":103,"column":33}},"loc":{"start":{"line":103,"column":43},"end":{"line":103,"column":53}},"line":103},"8":{"name":"(anonymous_8)","decl":{"start":{"line":132,"column":47},"end":{"line":132,"column":48}},"loc":{"start":{"line":132,"column":58},"end":{"line":132,"column":83}},"line":132}},"branchMap":{"0":{"loc":{"start":{"line":37,"column":2},"end":{"line":39,"column":null}},"type":"if","locations":[{"start":{"line":37,"column":2},"end":{"line":39,"column":null}},{"start":{},"end":{}}],"line":37},"1":{"loc":{"start":{"line":46,"column":2},"end":{"line":48,"column":null}},"type":"if","locations":[{"start":{"line":46,"column":2},"end":{"line":48,"column":null}},{"start":{},"end":{}}],"line":46},"2":{"loc":{"start":{"line":68,"column":4},"end":{"line":70,"column":null}},"type":"if","locations":[{"start":{"line":68,"column":4},"end":{"line":70,"column":null}},{"start":{},"end":{}}],"line":68},"3":{"loc":{"start":{"line":89,"column":21},"end":{"line":89,"column":null}},"type":"cond-expr","locations":[{"start":{"line":89,"column":43},"end":{"line":89,"column":57}},{"start":{"line":89,"column":57},"end":{"line":89,"column":null}}],"line":89},"4":{"loc":{"start":{"line":105,"column":2},"end":{"line":117,"column":null}},"type":"if","locations":[{"start":{"line":105,"column":2},"end":{"line":117,"column":null}},{"start":{},"end":{}}],"line":105},"5":{"loc":{"start":{"line":106,"column":4},"end":{"line":109,"column":null}},"type":"if","locations":[{"start":{"line":106,"column":4},"end":{"line":109,"column":null}},{"start":{},"end":{}}],"line":106},"6":{"loc":{"start":{"line":119,"column":55},"end":{"line":119,"column":74}},"type":"binary-expr","locations":[{"start":{"line":119,"column":55},"end":{"line":119,"column":72}},{"start":{"line":119,"column":72},"end":{"line":119,"column":74}}],"line":119},"7":{"loc":{"start":{"line":120,"column":2},"end":{"line":122,"column":null}},"type":"if","locations":[{"start":{"line":120,"column":2},"end":{"line":122,"column":null}},{"start":{},"end":{}}],"line":120},"8":{"loc":{"start":{"line":128,"column":4},"end":{"line":130,"column":null}},"type":"if","locations":[{"start":{"line":128,"column":4},"end":{"line":130,"column":null}},{"start":{},"end":{}}],"line":128},"9":{"loc":{"start":{"line":137,"column":8},"end":{"line":137,"column":null}},"type":"cond-expr","locations":[{"start":{"line":137,"column":19},"end":{"line":137,"column":54}},{"start":{"line":137,"column":54},"end":{"line":137,"column":null}}],"line":137},"10":{"loc":{"start":{"line":140,"column":6},"end":{"line":143,"column":null}},"type":"if","locations":[{"start":{"line":140,"column":6},"end":{"line":143,"column":null}},{"start":{},"end":{}}],"line":140},"11":{"loc":{"start":{"line":151,"column":14},"end":{"line":151,"column":null}},"type":"binary-expr","locations":[{"start":{"line":151,"column":14},"end":{"line":151,"column":28}},{"start":{"line":151,"column":28},"end":{"line":151,"column":null}}],"line":151},"12":{"loc":{"start":{"line":176,"column":6},"end":{"line":180,"column":null}},"type":"if","locations":[{"start":{"line":176,"column":6},"end":{"line":180,"column":null}},{"start":{"line":178,"column":13},"end":{"line":180,"column":null}}],"line":176},"13":{"loc":{"start":{"line":189,"column":2},"end":{"line":192,"column":null}},"type":"if","locations":[{"start":{"line":189,"column":2},"end":{"line":192,"column":null}},{"start":{},"end":{}}],"line":189},"14":{"loc":{"start":{"line":197,"column":41},"end":{"line":197,"column":71}},"type":"cond-expr","locations":[{"start":{"line":197,"column":52},"end":{"line":197,"column":69}},{"start":{"line":197,"column":69},"end":{"line":197,"column":71}}],"line":197},"15":{"loc":{"start":{"line":199,"column":2},"end":{"line":205,"column":null}},"type":"if","locations":[{"start":{"line":199,"column":2},"end":{"line":205,"column":null}},{"start":{},"end":{}}],"line":199},"16":{"loc":{"start":{"line":207,"column":2},"end":{"line":213,"column":null}},"type":"if","locations":[{"start":{"line":207,"column":2},"end":{"line":213,"column":null}},{"start":{},"end":{}}],"line":207},"17":{"loc":{"start":{"line":215,"column":2},"end":{"line":221,"column":null}},"type":"if","locations":[{"start":{"line":215,"column":2},"end":{"line":221,"column":null}},{"start":{},"end":{}}],"line":215},"18":{"loc":{"start":{"line":223,"column":2},"end":{"line":229,"column":null}},"type":"if","locations":[{"start":{"line":223,"column":2},"end":{"line":229,"column":null}},{"start":{},"end":{}}],"line":223},"19":{"loc":{"start":{"line":232,"column":2},"end":{"line":235,"column":null}},"type":"if","locations":[{"start":{"line":232,"column":2},"end":{"line":235,"column":null}},{"start":{},"end":{}}],"line":232}},"s":{"0":0,"1":0,"2":0,"3":0,"4":0,"5":0,"6":0,"7":0,"8":0,"9":0,"10":0,"11":0,"12":0,"13":0,"14":0,"15":0,"16":0,"17":0,"18":0,"19":0,"20":0,"21":0,"22":0,"23":0,"24":0,"25":0,"26":0,"27":0,"28":0,"29":0,"30":0,"31":0,"32":0,"33":0,"34":0,"35":0,"36":0,"37":0,"38":0,"39":0,"40":0,"41":0,"42":0,"43":0,"44":0,"45":0,"46":0,"47":0,"48":0,"49":0,"50":0,"51":0,"52":0,"53":0,"54":0,"55":0,"56":0,"57":0,"58":0,"59":0,"60":0,"61":0,"62":0,"63":0,"64":0,"65":0,"66":0,"67":0,"68":0,"69":0,"70":0,"71":0,"72":0,"73":0,"74":0,"75":0,"76":0,"77":0,"78":0,"79":0,"80":0,"81":0,"82":0,"83":0,"84":0,"85":0,"86":0,"87":0,"88":0,"89":0,"90":0,"91":0,"92":0,"93":0,"94":0,"95":0,"96":0,"97":0,"98":0,"99":0,"100":0,"101":0,"102":0,"103":0,"104":0},"f":{"0":0,"1":0,"2":0,"3":0,"4":0,"5":0,"6":0,"7":0,"8":0},"b":{"0":[0,0],"1":[0,0],"2":[0,0],"3":[0,0],"4":[0,0],"5":[0,0],"6":[0,0],"7":[0,0],"8":[0,0],"9":[0,0],"10":[0,0],"11":[0,0],"12":[0,0],"13":[0,0],"14":[0,0],"15":[0,0],"16":[0,0],"17":[0,0],"18":[0,0],"19":[0,0]},"meta":{"lastBranch":20,"lastFunction":9,"lastStatement":105,"seen":{"f:36:9:36:33":0,"b:37:2:39:Infinity:undefined:undefined:undefined:undefined":0,"s:37:2:39:Infinity":0,"s:38:4:38:Infinity":1,"s:40:23:40:Infinity":2,"s:41:2:41:Infinity":3,"f:41:23:41:24":1,"s:41:33:41:55":4,"f:44:15:44:29":2,"s:45:8:45:Infinity":5,"b:46:2:48:Infinity:undefined:undefined:undefined:undefined":1,"s:46:2:48:Infinity":6,"s:47:4:47:Infinity":7,"s:49:2:49:Infinity":8,"f:52:15:52:Infinity":3,"s:57:44:60:Infinity":9,"s:61:23:61:Infinity":10,"s:62:8:62:Infinity":11,"s:63:17:63:Infinity":12,"s:64:24:64:Infinity":13,"s:66:2:92:Infinity":14,"s:67:16:67:Infinity":15,"b:68:4:70:Infinity:undefined:undefined:undefined:undefined":2,"s:68:4:70:Infinity":16,"s:69:6:69:Infinity":17,"s:71:10:73:Infinity":18,"f:71:56:71:57":4,"s:72:6:72:Infinity":19,"s:74:20:74:Infinity":20,"s:76:10:76:Infinity":21,"s:77:4:79:Infinity":22,"s:78:6:78:Infinity":23,"s:83:10:83:Infinity":24,"s:84:4:91:Infinity":25,"s:85:6:90:Infinity":26,"b:89:43:89:57:89:57:89:Infinity":3,"f:95:16:95:26":5,"s:96:2:96:Infinity":27,"f:99:22:99:40":6,"s:100:14:100:Infinity":28,"s:101:21:101:Infinity":29,"s:103:21:103:Infinity":30,"f:103:32:103:33":7,"s:103:43:103:53":31,"b:105:2:117:Infinity:undefined:undefined:undefined:undefined":4,"s:105:2:117:Infinity":32,"b:106:4:109:Infinity:undefined:undefined:undefined:undefined":5,"s:106:4:109:Infinity":33,"s:107:6:107:Infinity":34,"s:108:6:108:Infinity":35,"s:110:4:110:Infinity":36,"s:111:4:111:Infinity":37,"s:112:4:112:Infinity":38,"s:113:4:115:Infinity":39,"s:114:6:114:Infinity":40,"s:116:4:116:Infinity":41,"s:119:19:119:Infinity":42,"b:119:55:119:72:119:72:119:74":6,"b:120:2:122:Infinity:undefined:undefined:undefined:undefined":7,"s:120:2:122:Infinity":43,"s:121:4:121:Infinity":44,"s:124:38:124:Infinity":45,"s:125:16:125:Infinity":46,"s:127:2:185:Infinity":47,"b:128:4:130:Infinity:undefined:undefined:undefined:undefined":8,"s:128:4:130:Infinity":48,"s:129:6:129:Infinity":49,"s:132:29:132:Infinity":50,"f:132:47:132:48":8,"s:132:58:132:83":51,"s:134:4:184:Infinity":52,"s:135:28:138:Infinity":53,"b:137:19:137:54:137:54:137:Infinity":9,"s:139:12:139:Infinity":54,"b:140:6:143:Infinity:undefined:undefined:undefined:undefined":10,"s:140:6:143:Infinity":55,"s:141:8:141:Infinity":56,"s:142:8:142:Infinity":57,"s:145:6:145:Infinity":58,"s:147:25:147:Infinity":59,"s:148:21:153:Infinity":60,"b:151:14:151:28:151:28:151:Infinity":11,"s:155:12:155:Infinity":61,"s:156:6:156:Infinity":62,"s:157:12:162:Infinity":63,"s:164:39:164:Infinity":64,"s:165:6:165:Infinity":65,"s:167:12:173:Infinity":66,"s:175:6:175:Infinity":67,"b:176:6:180:Infinity:178:13:180:Infinity":12,"s:176:6:180:Infinity":68,"s:177:8:177:Infinity":69,"s:179:8:179:Infinity":70,"s:182:12:182:Infinity":71,"s:183:6:183:Infinity":72,"s:187:2:187:Infinity":73,"b:189:2:192:Infinity:undefined:undefined:undefined:undefined":13,"s:189:2:192:Infinity":74,"s:190:4:190:Infinity":75,"s:191:4:191:Infinity":76,"s:194:2:194:Infinity":77,"s:195:2:195:Infinity":78,"s:196:2:196:Infinity":79,"s:197:2:197:Infinity":80,"b:197:52:197:69:197:69:197:71":14,"b:199:2:205:Infinity:undefined:undefined:undefined:undefined":15,"s:199:2:205:Infinity":81,"s:200:4:200:Infinity":82,"s:201:4:201:Infinity":83,"s:202:4:204:Infinity":84,"s:203:6:203:Infinity":85,"b:207:2:213:Infinity:undefined:undefined:undefined:undefined":16,"s:207:2:213:Infinity":86,"s:208:4:208:Infinity":87,"s:209:4:209:Infinity":88,"s:210:4:212:Infinity":89,"s:211:6:211:Infinity":90,"b:215:2:221:Infinity:undefined:undefined:undefined:undefined":17,"s:215:2:221:Infinity":91,"s:216:4:216:Infinity":92,"s:217:4:217:Infinity":93,"s:218:4:220:Infinity":94,"s:219:6:219:Infinity":95,"b:223:2:229:Infinity:undefined:undefined:undefined:undefined":18,"s:223:2:229:Infinity":96,"s:224:4:224:Infinity":97,"s:225:4:225:Infinity":98,"s:226:4:228:Infinity":99,"s:227:6:227:Infinity":100,"s:231:16:231:Infinity":101,"b:232:2:235:Infinity:undefined:undefined:undefined:undefined":19,"s:232:2:235:Infinity":102,"s:233:4:233:Infinity":103,"s:234:4:234:Infinity":104}}}
,"/Users/christian.anagnostou/Projects/skillbox/src/commands/add.ts": {"path":"/Users/christian.anagnostou/Projects/skillbox/src/commands/add.ts","statementMap":{"0":{"start":{"line":19,"column":2},"end":{"line":156,"column":null}},"1":{"start":{"line":29,"column":6},"end":{"line":155,"column":null}},"2":{"start":{"line":30,"column":8},"end":{"line":39,"column":null}},"3":{"start":{"line":31,"column":10},"end":{"line":37,"column":null}},"4":{"start":{"line":38,"column":10},"end":{"line":38,"column":null}},"5":{"start":{"line":41,"column":30},"end":{"line":41,"column":null}},"6":{"start":{"line":42,"column":14},"end":{"line":42,"column":null}},"7":{"start":{"line":43,"column":14},"end":{"line":43,"column":null}},"8":{"start":{"line":44,"column":26},"end":{"line":44,"column":null}},"9":{"start":{"line":46,"column":8},"end":{"line":48,"column":null}},"10":{"start":{"line":47,"column":10},"end":{"line":47,"column":null}},"11":{"start":{"line":50,"column":8},"end":{"line":52,"column":null}},"12":{"start":{"line":51,"column":10},"end":{"line":51,"column":null}},"13":{"start":{"line":54,"column":8},"end":{"line":58,"column":null}},"14":{"start":{"line":55,"column":10},"end":{"line":57,"column":null}},"15":{"start":{"line":60,"column":14},"end":{"line":60,"column":null}},"16":{"start":{"line":62,"column":8},"end":{"line":62,"column":null}},"17":{"start":{"line":63,"column":8},"end":{"line":63,"column":null}},"18":{"start":{"line":65,"column":22},"end":{"line":65,"column":null}},"19":{"start":{"line":66,"column":14},"end":{"line":71,"column":null}},"20":{"start":{"line":73,"column":50},"end":{"line":76,"column":null}},"21":{"start":{"line":77,"column":29},"end":{"line":77,"column":null}},"22":{"start":{"line":78,"column":14},"end":{"line":78,"column":null}},"23":{"start":{"line":79,"column":23},"end":{"line":79,"column":null}},"24":{"start":{"line":80,"column":81},"end":{"line":80,"column":null}},"25":{"start":{"line":81,"column":41},"end":{"line":81,"column":null}},"26":{"start":{"line":82,"column":30},"end":{"line":82,"column":null}},"27":{"start":{"line":84,"column":8},"end":{"line":111,"column":null}},"28":{"start":{"line":85,"column":22},"end":{"line":85,"column":null}},"29":{"start":{"line":86,"column":10},"end":{"line":88,"column":null}},"30":{"start":{"line":87,"column":12},"end":{"line":87,"column":null}},"31":{"start":{"line":89,"column":16},"end":{"line":91,"column":null}},"32":{"start":{"line":90,"column":12},"end":{"line":90,"column":null}},"33":{"start":{"line":92,"column":26},"end":{"line":92,"column":null}},"34":{"start":{"line":93,"column":16},"end":{"line":93,"column":null}},"35":{"start":{"line":94,"column":10},"end":{"line":96,"column":null}},"36":{"start":{"line":95,"column":12},"end":{"line":95,"column":null}},"37":{"start":{"line":99,"column":16},"end":{"line":99,"column":null}},"38":{"start":{"line":100,"column":10},"end":{"line":110,"column":null}},"39":{"start":{"line":101,"column":12},"end":{"line":101,"column":null}},"40":{"start":{"line":102,"column":12},"end":{"line":109,"column":null}},"41":{"start":{"line":103,"column":14},"end":{"line":108,"column":null}},"42":{"start":{"line":113,"column":14},"end":{"line":119,"column":null}},"43":{"start":{"line":120,"column":8},"end":{"line":120,"column":null}},"44":{"start":{"line":122,"column":8},"end":{"line":134,"column":null}},"45":{"start":{"line":123,"column":10},"end":{"line":132,"column":null}},"46":{"start":{"line":133,"column":10},"end":{"line":133,"column":null}},"47":{"start":{"line":136,"column":8},"end":{"line":136,"column":null}},"48":{"start":{"line":137,"column":8},"end":{"line":137,"column":null}},"49":{"start":{"line":138,"column":8},"end":{"line":138,"column":null}},"50":{"start":{"line":139,"column":8},"end":{"line":139,"column":null}},"51":{"start":{"line":141,"column":8},"end":{"line":152,"column":null}},"52":{"start":{"line":142,"column":10},"end":{"line":142,"column":null}},"53":{"start":{"line":143,"column":10},"end":{"line":143,"column":null}},"54":{"start":{"line":144,"column":10},"end":{"line":148,"column":null}},"55":{"start":{"line":146,"column":14},"end":{"line":146,"column":null}},"56":{"start":{"line":147,"column":12},"end":{"line":147,"column":null}},"57":{"start":{"line":150,"column":10},"end":{"line":150,"column":null}},"58":{"start":{"line":151,"column":10},"end":{"line":151,"column":null}},"59":{"start":{"line":154,"column":8},"end":{"line":154,"column":null}}},"fnMap":{"0":{"name":"registerAdd","decl":{"start":{"line":18,"column":16},"end":{"line":18,"column":28}},"loc":{"start":{"line":18,"column":52},"end":{"line":157,"column":null}},"line":18},"1":{"name":"(anonymous_1)","decl":{"start":{"line":28,"column":12},"end":{"line":28,"column":19}},"loc":{"start":{"line":28,"column":36},"end":{"line":156,"column":5}},"line":28},"2":{"name":"(anonymous_2)","decl":{"start":{"line":89,"column":62},"end":{"line":89,"column":63}},"loc":{"start":{"line":90,"column":12},"end":{"line":90,"column":null}},"line":90}},"branchMap":{"0":{"loc":{"start":{"line":30,"column":8},"end":{"line":39,"column":null}},"type":"if","locations":[{"start":{"line":30,"column":8},"end":{"line":39,"column":null}},{"start":{},"end":{}}],"line":30},"1":{"loc":{"start":{"line":30,"column":12},"end":{"line":30,"column":61}},"type":"binary-expr","locations":[{"start":{"line":30,"column":12},"end":{"line":30,"column":28}},{"start":{"line":30,"column":28},"end":{"line":30,"column":45}},{"start":{"line":30,"column":36},"end":{"line":30,"column":61}}],"line":30},"2":{"loc":{"start":{"line":44,"column":26},"end":{"line":44,"column":null}},"type":"binary-expr","locations":[{"start":{"line":44,"column":26},"end":{"line":44,"column":42}},{"start":{"line":44,"column":42},"end":{"line":44,"column":54}},{"start":{"line":44,"column":54},"end":{"line":44,"column":null}}],"line":44},"3":{"loc":{"start":{"line":46,"column":8},"end":{"line":48,"column":null}},"type":"if","locations":[{"start":{"line":46,"column":8},"end":{"line":48,"column":null}},{"start":{},"end":{}}],"line":46},"4":{"loc":{"start":{"line":50,"column":8},"end":{"line":52,"column":null}},"type":"if","locations":[{"start":{"line":50,"column":8},"end":{"line":52,"column":null}},{"start":{},"end":{}}],"line":50},"5":{"loc":{"start":{"line":50,"column":12},"end":{"line":50,"column":43}},"type":"binary-expr","locations":[{"start":{"line":50,"column":12},"end":{"line":50,"column":28}},{"start":{"line":50,"column":28},"end":{"line":50,"column":43}}],"line":50},"6":{"loc":{"start":{"line":54,"column":8},"end":{"line":58,"column":null}},"type":"if","locations":[{"start":{"line":54,"column":8},"end":{"line":58,"column":null}},{"start":{},"end":{}}],"line":54},"7":{"loc":{"start":{"line":86,"column":10},"end":{"line":88,"column":null}},"type":"if","locations":[{"start":{"line":86,"column":10},"end":{"line":88,"column":null}},{"start":{},"end":{}}],"line":86},"8":{"loc":{"start":{"line":100,"column":10},"end":{"line":110,"column":null}},"type":"if","locations":[{"start":{"line":100,"column":10},"end":{"line":110,"column":null}},{"start":{},"end":{}}],"line":100},"9":{"loc":{"start":{"line":107,"column":29},"end":{"line":107,"column":null}},"type":"cond-expr","locations":[{"start":{"line":107,"column":51},"end":{"line":107,"column":65}},{"start":{"line":107,"column":65},"end":{"line":107,"column":null}}],"line":107},"10":{"loc":{"start":{"line":122,"column":8},"end":{"line":134,"column":null}},"type":"if","locations":[{"start":{"line":122,"column":8},"end":{"line":134,"column":null}},{"start":{},"end":{}}],"line":122},"11":{"loc":{"start":{"line":141,"column":8},"end":{"line":152,"column":null}},"type":"if","locations":[{"start":{"line":141,"column":8},"end":{"line":152,"column":null}},{"start":{"line":149,"column":15},"end":{"line":152,"column":null}}],"line":141},"12":{"loc":{"start":{"line":146,"column":14},"end":{"line":146,"column":null}},"type":"cond-expr","locations":[{"start":{"line":146,"column":44},"end":{"line":146,"column":79}},{"start":{"line":146,"column":79},"end":{"line":146,"column":null}}],"line":146}},"s":{"0":0,"1":0,"2":0,"3":0,"4":0,"5":0,"6":0,"7":0,"8":0,"9":0,"10":0,"11":0,"12":0,"13":0,"14":0,"15":0,"16":0,"17":0,"18":0,"19":0,"20":0,"21":0,"22":0,"23":0,"24":0,"25":0,"26":0,"27":0,"28":0,"29":0,"30":0,"31":0,"32":0,"33":0,"34":0,"35":0,"36":0,"37":0,"38":0,"39":0,"40":0,"41":0,"42":0,"43":0,"44":0,"45":0,"46":0,"47":0,"48":0,"49":0,"50":0,"51":0,"52":0,"53":0,"54":0,"55":0,"56":0,"57":0,"58":0,"59":0},"f":{"0":0,"1":0,"2":0},"b":{"0":[0,0],"1":[0,0,0],"2":[0,0,0],"3":[0,0],"4":[0,0],"5":[0,0],"6":[0,0],"7":[0,0],"8":[0,0],"9":[0,0],"10":[0,0],"11":[0,0],"12":[0,0]},"meta":{"lastBranch":13,"lastFunction":3,"lastStatement":60,"seen":{"f:18:16:18:28":0,"s:19:2:156:Infinity":0,"f:28:12:28:19":1,"s:29:6:155:Infinity":1,"b:30:8:39:Infinity:undefined:undefined:undefined:undefined":0,"s:30:8:39:Infinity":2,"b:30:12:30:28:30:28:30:45:30:36:30:61":1,"s:31:10:37:Infinity":3,"s:38:10:38:Infinity":4,"s:41:30:41:Infinity":5,"s:42:14:42:Infinity":6,"s:43:14:43:Infinity":7,"s:44:26:44:Infinity":8,"b:44:26:44:42:44:42:44:54:44:54:44:Infinity":2,"b:46:8:48:Infinity:undefined:undefined:undefined:undefined":3,"s:46:8:48:Infinity":9,"s:47:10:47:Infinity":10,"b:50:8:52:Infinity:undefined:undefined:undefined:undefined":4,"s:50:8:52:Infinity":11,"b:50:12:50:28:50:28:50:43":5,"s:51:10:51:Infinity":12,"b:54:8:58:Infinity:undefined:undefined:undefined:undefined":6,"s:54:8:58:Infinity":13,"s:55:10:57:Infinity":14,"s:60:14:60:Infinity":15,"s:62:8:62:Infinity":16,"s:63:8:63:Infinity":17,"s:65:22:65:Infinity":18,"s:66:14:71:Infinity":19,"s:73:50:76:Infinity":20,"s:77:29:77:Infinity":21,"s:78:14:78:Infinity":22,"s:79:23:79:Infinity":23,"s:80:81:80:Infinity":24,"s:81:41:81:Infinity":25,"s:82:30:82:Infinity":26,"s:84:8:111:Infinity":27,"s:85:22:85:Infinity":28,"b:86:10:88:Infinity:undefined:undefined:undefined:undefined":7,"s:86:10:88:Infinity":29,"s:87:12:87:Infinity":30,"s:89:16:91:Infinity":31,"f:89:62:89:63":2,"s:90:12:90:Infinity":32,"s:92:26:92:Infinity":33,"s:93:16:93:Infinity":34,"s:94:10:96:Infinity":35,"s:95:12:95:Infinity":36,"s:99:16:99:Infinity":37,"b:100:10:110:Infinity:undefined:undefined:undefined:undefined":8,"s:100:10:110:Infinity":38,"s:101:12:101:Infinity":39,"s:102:12:109:Infinity":40,"s:103:14:108:Infinity":41,"b:107:51:107:65:107:65:107:Infinity":9,"s:113:14:119:Infinity":42,"s:120:8:120:Infinity":43,"b:122:8:134:Infinity:undefined:undefined:undefined:undefined":10,"s:122:8:134:Infinity":44,"s:123:10:132:Infinity":45,"s:133:10:133:Infinity":46,"s:136:8:136:Infinity":47,"s:137:8:137:Infinity":48,"s:138:8:138:Infinity":49,"s:139:8:139:Infinity":50,"b:141:8:152:Infinity:149:15:152:Infinity":11,"s:141:8:152:Infinity":51,"s:142:10:142:Infinity":52,"s:143:10:143:Infinity":53,"s:144:10:148:Infinity":54,"s:146:14:146:Infinity":55,"b:146:44:146:79:146:79:146:Infinity":12,"s:147:12:147:Infinity":56,"s:150:10:150:Infinity":57,"s:151:10:151:Infinity":58,"s:154:8:154:Infinity":59}}}
,"/Users/christian.anagnostou/Projects/skillbox/src/commands/agent.ts": {"path":"/Users/christian.anagnostou/Projects/skillbox/src/commands/agent.ts","statementMap":{"0":{"start":{"line":4,"column":22},"end":{"line":4,"column":null}},"1":{"start":{"line":19,"column":2},"end":{"line":29,"column":null}},"2":{"start":{"line":24,"column":6},"end":{"line":27,"column":null}},"3":{"start":{"line":25,"column":8},"end":{"line":25,"column":null}},"4":{"start":{"line":26,"column":8},"end":{"line":26,"column":null}},"5":{"start":{"line":28,"column":6},"end":{"line":28,"column":null}}},"fnMap":{"0":{"name":"registerAgent","decl":{"start":{"line":18,"column":16},"end":{"line":18,"column":30}},"loc":{"start":{"line":18,"column":54},"end":{"line":30,"column":null}},"line":18},"1":{"name":"(anonymous_1)","decl":{"start":{"line":23,"column":12},"end":{"line":23,"column":13}},"loc":{"start":{"line":23,"column":25},"end":{"line":29,"column":5}},"line":23}},"branchMap":{"0":{"loc":{"start":{"line":24,"column":6},"end":{"line":27,"column":null}},"type":"if","locations":[{"start":{"line":24,"column":6},"end":{"line":27,"column":null}},{"start":{},"end":{}}],"line":24}},"s":{"0":0,"1":0,"2":0,"3":0,"4":0,"5":0},"f":{"0":0,"1":0},"b":{"0":[0,0]},"meta":{"lastBranch":1,"lastFunction":2,"lastStatement":6,"seen":{"s:4:22:4:Infinity":0,"f:18:16:18:30":0,"s:19:2:29:Infinity":1,"f:23:12:23:13":1,"b:24:6:27:Infinity:undefined:undefined:undefined:undefined":0,"s:24:6:27:Infinity":2,"s:25:8:25:Infinity":3,"s:26:8:26:Infinity":4,"s:28:6:28:Infinity":5}}}
,"/Users/christian.anagnostou/Projects/skillbox/src/commands/config.ts": {"path":"/Users/christian.anagnostou/Projects/skillbox/src/commands/config.ts","statementMap":{"0":{"start":{"line":8,"column":17},"end":{"line":8,"column":null}},"1":{"start":{"line":10,"column":2},"end":{"line":24,"column":null}},"2":{"start":{"line":14,"column":6},"end":{"line":23,"column":null}},"3":{"start":{"line":15,"column":24},"end":{"line":15,"column":null}},"4":{"start":{"line":16,"column":8},"end":{"line":19,"column":null}},"5":{"start":{"line":17,"column":10},"end":{"line":17,"column":null}},"6":{"start":{"line":18,"column":10},"end":{"line":18,"column":null}},"7":{"start":{"line":20,"column":8},"end":{"line":20,"column":null}},"8":{"start":{"line":22,"column":8},"end":{"line":22,"column":null}},"9":{"start":{"line":26,"column":2},"end":{"line":70,"column":null}},"10":{"start":{"line":34,"column":6},"end":{"line":69,"column":null}},"11":{"start":{"line":35,"column":24},"end":{"line":35,"column":null}},"12":{"start":{"line":36,"column":26},"end":{"line":36,"column":null}},"13":{"start":{"line":37,"column":8},"end":{"line":39,"column":null}},"14":{"start":{"line":38,"column":10},"end":{"line":38,"column":null}},"15":{"start":{"line":41,"column":25},"end":{"line":41,"column":null}},"16":{"start":{"line":42,"column":8},"end":{"line":44,"column":null}},"17":{"start":{"line":43,"column":10},"end":{"line":43,"column":null}},"18":{"start":{"line":46,"column":28},"end":{"line":46,"column":null}},"19":{"start":{"line":47,"column":27},"end":{"line":47,"column":null}},"20":{"start":{"line":48,"column":29},"end":{"line":50,"column":null}},"21":{"start":{"line":49,"column":76},"end":{"line":49,"column":92}},"22":{"start":{"line":52,"column":21},"end":{"line":57,"column":null}},"23":{"start":{"line":59,"column":8},"end":{"line":59,"column":null}},"24":{"start":{"line":61,"column":8},"end":{"line":64,"column":null}},"25":{"start":{"line":62,"column":10},"end":{"line":62,"column":null}},"26":{"start":{"line":63,"column":10},"end":{"line":63,"column":null}},"27":{"start":{"line":66,"column":8},"end":{"line":66,"column":null}},"28":{"start":{"line":68,"column":8},"end":{"line":68,"column":null}}},"fnMap":{"0":{"name":"registerConfig","decl":{"start":{"line":7,"column":16},"end":{"line":7,"column":31}},"loc":{"start":{"line":7,"column":55},"end":{"line":71,"column":null}},"line":7},"1":{"name":"(anonymous_1)","decl":{"start":{"line":13,"column":12},"end":{"line":13,"column":19}},"loc":{"start":{"line":13,"column":31},"end":{"line":24,"column":5}},"line":13},"2":{"name":"(anonymous_2)","decl":{"start":{"line":33,"column":12},"end":{"line":33,"column":19}},"loc":{"start":{"line":33,"column":31},"end":{"line":70,"column":5}},"line":33},"3":{"name":"(anonymous_3)","decl":{"start":{"line":49,"column":65},"end":{"line":49,"column":66}},"loc":{"start":{"line":49,"column":76},"end":{"line":49,"column":92}},"line":49}},"branchMap":{"0":{"loc":{"start":{"line":16,"column":8},"end":{"line":19,"column":null}},"type":"if","locations":[{"start":{"line":16,"column":8},"end":{"line":19,"column":null}},{"start":{},"end":{}}],"line":16},"1":{"loc":{"start":{"line":36,"column":26},"end":{"line":36,"column":null}},"type":"binary-expr","locations":[{"start":{"line":36,"column":26},"end":{"line":36,"column":50}},{"start":{"line":36,"column":50},"end":{"line":36,"column":null}}],"line":36},"2":{"loc":{"start":{"line":37,"column":8},"end":{"line":39,"column":null}},"type":"if","locations":[{"start":{"line":37,"column":8},"end":{"line":39,"column":null}},{"start":{},"end":{}}],"line":37},"3":{"loc":{"start":{"line":37,"column":12},"end":{"line":37,"column":61}},"type":"binary-expr","locations":[{"start":{"line":37,"column":12},"end":{"line":37,"column":39}},{"start":{"line":37,"column":39},"end":{"line":37,"column":61}}],"line":37},"4":{"loc":{"start":{"line":41,"column":25},"end":{"line":41,"column":null}},"type":"binary-expr","locations":[{"start":{"line":41,"column":25},"end":{"line":41,"column":48}},{"start":{"line":41,"column":48},"end":{"line":41,"column":null}}],"line":41},"5":{"loc":{"start":{"line":42,"column":8},"end":{"line":44,"column":null}},"type":"if","locations":[{"start":{"line":42,"column":8},"end":{"line":44,"column":null}},{"start":{},"end":{}}],"line":42},"6":{"loc":{"start":{"line":42,"column":12},"end":{"line":42,"column":59}},"type":"binary-expr","locations":[{"start":{"line":42,"column":12},"end":{"line":42,"column":38}},{"start":{"line":42,"column":38},"end":{"line":42,"column":59}}],"line":42},"7":{"loc":{"start":{"line":46,"column":28},"end":{"line":46,"column":null}},"type":"binary-expr","locations":[{"start":{"line":46,"column":28},"end":{"line":46,"column":48}},{"start":{"line":46,"column":48},"end":{"line":46,"column":null}}],"line":46},"8":{"loc":{"start":{"line":47,"column":27},"end":{"line":47,"column":null}},"type":"binary-expr","locations":[{"start":{"line":47,"column":27},"end":{"line":47,"column":51}},{"start":{"line":47,"column":51},"end":{"line":47,"column":null}}],"line":47},"9":{"loc":{"start":{"line":49,"column":23},"end":{"line":49,"column":42}},"type":"binary-expr","locations":[{"start":{"line":49,"column":23},"end":{"line":49,"column":37}},{"start":{"line":49,"column":37},"end":{"line":49,"column":42}}],"line":49},"10":{"loc":{"start":{"line":61,"column":8},"end":{"line":64,"column":null}},"type":"if","locations":[{"start":{"line":61,"column":8},"end":{"line":64,"column":null}},{"start":{},"end":{}}],"line":61}},"s":{"0":0,"1":0,"2":0,"3":0,"4":0,"5":0,"6":0,"7":0,"8":0,"9":0,"10":0,"11":0,"12":0,"13":0,"14":0,"15":0,"16":0,"17":0,"18":0,"19":0,"20":0,"21":0,"22":0,"23":0,"24":0,"25":0,"26":0,"27":0,"28":0},"f":{"0":0,"1":0,"2":0,"3":0},"b":{"0":[0,0],"1":[0,0],"2":[0,0],"3":[0,0],"4":[0,0],"5":[0,0],"6":[0,0],"7":[0,0],"8":[0,0],"9":[0,0],"10":[0,0]},"meta":{"lastBranch":11,"lastFunction":4,"lastStatement":29,"seen":{"f:7:16:7:31":0,"s:8:17:8:Infinity":0,"s:10:2:24:Infinity":1,"f:13:12:13:19":1,"s:14:6:23:Infinity":2,"s:15:24:15:Infinity":3,"b:16:8:19:Infinity:undefined:undefined:undefined:undefined":0,"s:16:8:19:Infinity":4,"s:17:10:17:Infinity":5,"s:18:10:18:Infinity":6,"s:20:8:20:Infinity":7,"s:22:8:22:Infinity":8,"s:26:2:70:Infinity":9,"f:33:12:33:19":2,"s:34:6:69:Infinity":10,"s:35:24:35:Infinity":11,"s:36:26:36:Infinity":12,"b:36:26:36:50:36:50:36:Infinity":1,"b:37:8:39:Infinity:undefined:undefined:undefined:undefined":2,"s:37:8:39:Infinity":13,"b:37:12:37:39:37:39:37:61":3,"s:38:10:38:Infinity":14,"s:41:25:41:Infinity":15,"b:41:25:41:48:41:48:41:Infinity":4,"b:42:8:44:Infinity:undefined:undefined:undefined:undefined":5,"s:42:8:44:Infinity":16,"b:42:12:42:38:42:38:42:59":6,"s:43:10:43:Infinity":17,"s:46:28:46:Infinity":18,"b:46:28:46:48:46:48:46:Infinity":7,"s:47:27:47:Infinity":19,"b:47:27:47:51:47:51:47:Infinity":8,"s:48:29:50:Infinity":20,"b:49:23:49:37:49:37:49:42":9,"f:49:65:49:66":3,"s:49:76:49:92":21,"s:52:21:57:Infinity":22,"s:59:8:59:Infinity":23,"b:61:8:64:Infinity:undefined:undefined:undefined:undefined":10,"s:61:8:64:Infinity":24,"s:62:10:62:Infinity":25,"s:63:10:63:Infinity":26,"s:66:8:66:Infinity":27,"s:68:8:68:Infinity":28}}}
,"/Users/christian.anagnostou/Projects/skillbox/src/commands/convert.ts": {"path":"/Users/christian.anagnostou/Projects/skillbox/src/commands/convert.ts","statementMap":{"0":{"start":{"line":10,"column":2},"end":{"line":90,"column":null}},"1":{"start":{"line":18,"column":6},"end":{"line":89,"column":null}},"2":{"start":{"line":19,"column":27},"end":{"line":19,"column":null}},"3":{"start":{"line":20,"column":14},"end":{"line":20,"column":null}},"4":{"start":{"line":21,"column":26},"end":{"line":21,"column":null}},"5":{"start":{"line":23,"column":8},"end":{"line":25,"column":null}},"6":{"start":{"line":24,"column":10},"end":{"line":24,"column":null}},"7":{"start":{"line":27,"column":26},"end":{"line":29,"column":null}},"8":{"start":{"line":31,"column":28},"end":{"line":31,"column":null}},"9":{"start":{"line":32,"column":30},"end":{"line":37,"column":null}},"10":{"start":{"line":49,"column":25},"end":{"line":57,"column":null}},"11":{"start":{"line":59,"column":8},"end":{"line":59,"column":null}},"12":{"start":{"line":60,"column":8},"end":{"line":60,"column":null}},"13":{"start":{"line":61,"column":8},"end":{"line":61,"column":null}},"14":{"start":{"line":62,"column":8},"end":{"line":66,"column":null}},"15":{"start":{"line":68,"column":8},"end":{"line":81,"column":null}},"16":{"start":{"line":69,"column":10},"end":{"line":79,"column":null}},"17":{"start":{"line":80,"column":10},"end":{"line":80,"column":null}},"18":{"start":{"line":83,"column":8},"end":{"line":83,"column":null}},"19":{"start":{"line":84,"column":8},"end":{"line":86,"column":null}},"20":{"start":{"line":85,"column":10},"end":{"line":85,"column":null}},"21":{"start":{"line":88,"column":8},"end":{"line":88,"column":null}}},"fnMap":{"0":{"name":"registerConvert","decl":{"start":{"line":9,"column":16},"end":{"line":9,"column":32}},"loc":{"start":{"line":9,"column":56},"end":{"line":91,"column":null}},"line":9},"1":{"name":"(anonymous_1)","decl":{"start":{"line":17,"column":12},"end":{"line":17,"column":19}},"loc":{"start":{"line":17,"column":36},"end":{"line":90,"column":5}},"line":17}},"branchMap":{"0":{"loc":{"start":{"line":21,"column":26},"end":{"line":21,"column":null}},"type":"binary-expr","locations":[{"start":{"line":21,"column":26},"end":{"line":21,"column":42}},{"start":{"line":21,"column":42},"end":{"line":21,"column":null}}],"line":21},"1":{"loc":{"start":{"line":23,"column":8},"end":{"line":25,"column":null}},"type":"if","locations":[{"start":{"line":23,"column":8},"end":{"line":25,"column":null}},{"start":{},"end":{}}],"line":23},"2":{"loc":{"start":{"line":27,"column":26},"end":{"line":29,"column":null}},"type":"cond-expr","locations":[{"start":{"line":28,"column":12},"end":{"line":28,"column":null}},{"start":{"line":29,"column":12},"end":{"line":29,"column":null}}],"line":27},"3":{"loc":{"start":{"line":68,"column":8},"end":{"line":81,"column":null}},"type":"if","locations":[{"start":{"line":68,"column":8},"end":{"line":81,"column":null}},{"start":{},"end":{}}],"line":68},"4":{"loc":{"start":{"line":84,"column":8},"end":{"line":86,"column":null}},"type":"if","locations":[{"start":{"line":84,"column":8},"end":{"line":86,"column":null}},{"start":{},"end":{}}],"line":84}},"s":{"0":0,"1":0,"2":0,"3":0,"4":0,"5":0,"6":0,"7":0,"8":0,"9":0,"10":0,"11":0,"12":0,"13":0,"14":0,"15":0,"16":0,"17":0,"18":0,"19":0,"20":0,"21":0},"f":{"0":0,"1":0},"b":{"0":[0,0],"1":[0,0],"2":[0,0],"3":[0,0],"4":[0,0]},"meta":{"lastBranch":5,"lastFunction":2,"lastStatement":22,"seen":{"f:9:16:9:32":0,"s:10:2:90:Infinity":0,"f:17:12:17:19":1,"s:18:6:89:Infinity":1,"s:19:27:19:Infinity":2,"s:20:14:20:Infinity":3,"s:21:26:21:Infinity":4,"b:21:26:21:42:21:42:21:Infinity":0,"b:23:8:25:Infinity:undefined:undefined:undefined:undefined":1,"s:23:8:25:Infinity":5,"s:24:10:24:Infinity":6,"s:27:26:29:Infinity":7,"b:28:12:28:Infinity:29:12:29:Infinity":2,"s:31:28:31:Infinity":8,"s:32:30:37:Infinity":9,"s:49:25:57:Infinity":10,"s:59:8:59:Infinity":11,"s:60:8:60:Infinity":12,"s:61:8:61:Infinity":13,"s:62:8:66:Infinity":14,"b:68:8:81:Infinity:undefined:undefined:undefined:undefined":3,"s:68:8:81:Infinity":15,"s:69:10:79:Infinity":16,"s:80:10:80:Infinity":17,"s:83:8:83:Infinity":18,"b:84:8:86:Infinity:undefined:undefined:undefined:undefined":4,"s:84:8:86:Infinity":19,"s:85:10:85:Infinity":20,"s:88:8:88:Infinity":21}}}
,"/Users/christian.anagnostou/Projects/skillbox/src/commands/import.ts": {"path":"/Users/christian.anagnostou/Projects/skillbox/src/commands/import.ts","statementMap":{"0":{"start":{"line":25,"column":22},"end":{"line":25,"column":null}},"1":{"start":{"line":26,"column":8},"end":{"line":26,"column":null}},"2":{"start":{"line":28,"column":44},"end":{"line":28,"column":null}},"3":{"start":{"line":29,"column":21},"end":{"line":29,"column":null}},"4":{"start":{"line":31,"column":2},"end":{"line":40,"column":null}},"5":{"start":{"line":32,"column":19},"end":{"line":32,"column":null}},"6":{"start":{"line":33,"column":4},"end":{"line":39,"column":null}},"7":{"start":{"line":34,"column":6},"end":{"line":36,"column":null}},"8":{"start":{"line":35,"column":8},"end":{"line":35,"column":null}},"9":{"start":{"line":37,"column":6},"end":{"line":37,"column":null}},"10":{"start":{"line":38,"column":6},"end":{"line":38,"column":null}},"11":{"start":{"line":42,"column":16},"end":{"line":42,"column":null}},"12":{"start":{"line":43,"column":18},"end":{"line":43,"column":null}},"13":{"start":{"line":43,"column":54},"end":{"line":43,"column":64}},"14":{"start":{"line":45,"column":19},"end":{"line":45,"column":null}},"15":{"start":{"line":46,"column":18},"end":{"line":46,"column":null}},"16":{"start":{"line":48,"column":2},"end":{"line":69,"column":null}},"17":{"start":{"line":49,"column":4},"end":{"line":52,"column":null}},"18":{"start":{"line":50,"column":6},"end":{"line":50,"column":null}},"19":{"start":{"line":51,"column":6},"end":{"line":51,"column":null}},"20":{"start":{"line":54,"column":17},"end":{"line":54,"column":null}},"21":{"start":{"line":55,"column":4},"end":{"line":58,"column":null}},"22":{"start":{"line":56,"column":6},"end":{"line":56,"column":null}},"23":{"start":{"line":57,"column":6},"end":{"line":57,"column":null}},"24":{"start":{"line":60,"column":10},"end":{"line":66,"column":null}},"25":{"start":{"line":67,"column":4},"end":{"line":67,"column":null}},"26":{"start":{"line":68,"column":4},"end":{"line":68,"column":null}},"27":{"start":{"line":71,"column":2},"end":{"line":71,"column":null}},"28":{"start":{"line":73,"column":2},"end":{"line":76,"column":null}},"29":{"start":{"line":80,"column":2},"end":{"line":129,"column":null}},"30":{"start":{"line":87,"column":6},"end":{"line":128,"column":null}},"31":{"start":{"line":88,"column":8},"end":{"line":90,"column":null}},"32":{"start":{"line":89,"column":10},"end":{"line":89,"column":null}},"33":{"start":{"line":92,"column":8},"end":{"line":101,"column":null}},"34":{"start":{"line":93,"column":26},"end":{"line":93,"column":null}},"35":{"start":{"line":94,"column":26},"end":{"line":94,"column":null}},"36":{"start":{"line":95,"column":10},"end":{"line":98,"column":null}},"37":{"start":{"line":96,"column":12},"end":{"line":96,"column":null}},"38":{"start":{"line":97,"column":12},"end":{"line":97,"column":null}},"39":{"start":{"line":99,"column":10},"end":{"line":99,"column":null}},"40":{"start":{"line":100,"column":10},"end":{"line":100,"column":null}},"41":{"start":{"line":103,"column":25},"end":{"line":103,"column":null}},"42":{"start":{"line":104,"column":26},"end":{"line":104,"column":null}},"43":{"start":{"line":106,"column":21},"end":{"line":106,"column":null}},"44":{"start":{"line":107,"column":8},"end":{"line":109,"column":null}},"45":{"start":{"line":108,"column":10},"end":{"line":108,"column":null}},"46":{"start":{"line":111,"column":22},"end":{"line":111,"column":null}},"47":{"start":{"line":112,"column":14},"end":{"line":117,"column":null}},"48":{"start":{"line":118,"column":8},"end":{"line":118,"column":null}},"49":{"start":{"line":120,"column":8},"end":{"line":123,"column":null}},"50":{"start":{"line":121,"column":10},"end":{"line":121,"column":null}},"51":{"start":{"line":122,"column":10},"end":{"line":122,"column":null}},"52":{"start":{"line":125,"column":8},"end":{"line":125,"column":null}},"53":{"start":{"line":127,"column":8},"end":{"line":127,"column":null}}},"fnMap":{"0":{"name":"importGlobalSkills","decl":{"start":{"line":24,"column":15},"end":{"line":24,"column":34}},"loc":{"start":{"line":24,"column":83},"end":{"line":77,"column":null}},"line":24},"1":{"name":"(anonymous_1)","decl":{"start":{"line":43,"column":43},"end":{"line":43,"column":44}},"loc":{"start":{"line":43,"column":54},"end":{"line":43,"column":64}},"line":43},"2":{"name":"registerImport","decl":{"start":{"line":79,"column":16},"end":{"line":79,"column":31}},"loc":{"start":{"line":79,"column":55},"end":{"line":130,"column":null}},"line":79},"3":{"name":"(anonymous_3)","decl":{"start":{"line":86,"column":12},"end":{"line":86,"column":19}},"loc":{"start":{"line":86,"column":42},"end":{"line":129,"column":5}},"line":86}},"branchMap":{"0":{"loc":{"start":{"line":34,"column":6},"end":{"line":36,"column":null}},"type":"if","locations":[{"start":{"line":34,"column":6},"end":{"line":36,"column":null}},{"start":{},"end":{}}],"line":34},"1":{"loc":{"start":{"line":49,"column":4},"end":{"line":52,"column":null}},"type":"if","locations":[{"start":{"line":49,"column":4},"end":{"line":52,"column":null}},{"start":{},"end":{}}],"line":49},"2":{"loc":{"start":{"line":55,"column":4},"end":{"line":58,"column":null}},"type":"if","locations":[{"start":{"line":55,"column":4},"end":{"line":58,"column":null}},{"start":{},"end":{}}],"line":55},"3":{"loc":{"start":{"line":88,"column":8},"end":{"line":90,"column":null}},"type":"if","locations":[{"start":{"line":88,"column":8},"end":{"line":90,"column":null}},{"start":{},"end":{}}],"line":88},"4":{"loc":{"start":{"line":88,"column":12},"end":{"line":88,"column":43}},"type":"binary-expr","locations":[{"start":{"line":88,"column":12},"end":{"line":88,"column":26}},{"start":{"line":88,"column":26},"end":{"line":88,"column":43}}],"line":88},"5":{"loc":{"start":{"line":92,"column":8},"end":{"line":101,"column":null}},"type":"if","locations":[{"start":{"line":92,"column":8},"end":{"line":101,"column":null}},{"start":{},"end":{}}],"line":92},"6":{"loc":{"start":{"line":95,"column":10},"end":{"line":98,"column":null}},"type":"if","locations":[{"start":{"line":95,"column":10},"end":{"line":98,"column":null}},{"start":{},"end":{}}],"line":95},"7":{"loc":{"start":{"line":107,"column":8},"end":{"line":109,"column":null}},"type":"if","locations":[{"start":{"line":107,"column":8},"end":{"line":109,"column":null}},{"start":{},"end":{}}],"line":107},"8":{"loc":{"start":{"line":120,"column":8},"end":{"line":123,"column":null}},"type":"if","locations":[{"start":{"line":120,"column":8},"end":{"line":123,"column":null}},{"start":{},"end":{}}],"line":120}},"s":{"0":0,"1":0,"2":0,"3":0,"4":0,"5":0,"6":0,"7":0,"8":0,"9":0,"10":0,"11":0,"12":0,"13":0,"14":0,"15":0,"16":0,"17":0,"18":0,"19":0,"20":0,"21":0,"22":0,"23":0,"24":0,"25":0,"26":0,"27":0,"28":0,"29":0,"30":0,"31":0,"32":0,"33":0,"34":0,"35":0,"36":0,"37":0,"38":0,"39":0,"40":0,"41":0,"42":0,"43":0,"44":0,"45":0,"46":0,"47":0,"48":0,"49":0,"50":0,"51":0,"52":0,"53":0},"f":{"0":0,"1":0,"2":0,"3":0},"b":{"0":[0,0],"1":[0,0],"2":[0,0],"3":[0,0],"4":[0,0],"5":[0,0],"6":[0,0],"7":[0,0],"8":[0,0]},"meta":{"lastBranch":9,"lastFunction":4,"lastStatement":54,"seen":{"f:24:15:24:34":0,"s:25:22:25:Infinity":0,"s:26:8:26:Infinity":1,"s:28:44:28:Infinity":2,"s:29:21:29:Infinity":3,"s:31:2:40:Infinity":4,"s:32:19:32:Infinity":5,"s:33:4:39:Infinity":6,"b:34:6:36:Infinity:undefined:undefined:undefined:undefined":0,"s:34:6:36:Infinity":7,"s:35:8:35:Infinity":8,"s:37:6:37:Infinity":9,"s:38:6:38:Infinity":10,"s:42:16:42:Infinity":11,"s:43:18:43:Infinity":12,"f:43:43:43:44":1,"s:43:54:43:64":13,"s:45:19:45:Infinity":14,"s:46:18:46:Infinity":15,"s:48:2:69:Infinity":16,"b:49:4:52:Infinity:undefined:undefined:undefined:undefined":1,"s:49:4:52:Infinity":17,"s:50:6:50:Infinity":18,"s:51:6:51:Infinity":19,"s:54:17:54:Infinity":20,"b:55:4:58:Infinity:undefined:undefined:undefined:undefined":2,"s:55:4:58:Infinity":21,"s:56:6:56:Infinity":22,"s:57:6:57:Infinity":23,"s:60:10:66:Infinity":24,"s:67:4:67:Infinity":25,"s:68:4:68:Infinity":26,"s:71:2:71:Infinity":27,"s:73:2:76:Infinity":28,"f:79:16:79:31":2,"s:80:2:129:Infinity":29,"f:86:12:86:19":3,"s:87:6:128:Infinity":30,"b:88:8:90:Infinity:undefined:undefined:undefined:undefined":3,"s:88:8:90:Infinity":31,"b:88:12:88:26:88:26:88:43":4,"s:89:10:89:Infinity":32,"b:92:8:101:Infinity:undefined:undefined:undefined:undefined":5,"s:92:8:101:Infinity":33,"s:93:26:93:Infinity":34,"s:94:26:94:Infinity":35,"b:95:10:98:Infinity:undefined:undefined:undefined:undefined":6,"s:95:10:98:Infinity":36,"s:96:12:96:Infinity":37,"s:97:12:97:Infinity":38,"s:99:10:99:Infinity":39,"s:100:10:100:Infinity":40,"s:103:25:103:Infinity":41,"s:104:26:104:Infinity":42,"s:106:21:106:Infinity":43,"b:107:8:109:Infinity:undefined:undefined:undefined:undefined":7,"s:107:8:109:Infinity":44,"s:108:10:108:Infinity":45,"s:111:22:111:Infinity":46,"s:112:14:117:Infinity":47,"s:118:8:118:Infinity":48,"b:120:8:123:Infinity:undefined:undefined:undefined:undefined":8,"s:120:8:123:Infinity":49,"s:121:10:121:Infinity":50,"s:122:10:122:Infinity":51,"s:125:8:125:Infinity":52,"s:127:8:127:Infinity":53}}}
,"/Users/christian.anagnostou/Projects/skillbox/src/commands/list.ts": {"path":"/Users/christian.anagnostou/Projects/skillbox/src/commands/list.ts","statementMap":{"0":{"start":{"line":29,"column":2},"end":{"line":31,"column":null}},"1":{"start":{"line":30,"column":4},"end":{"line":30,"column":null}},"2":{"start":{"line":32,"column":2},"end":{"line":40,"column":null}},"3":{"start":{"line":33,"column":17},"end":{"line":33,"column":null}},"4":{"start":{"line":35,"column":4},"end":{"line":37,"column":null}},"5":{"start":{"line":36,"column":6},"end":{"line":36,"column":null}},"6":{"start":{"line":39,"column":4},"end":{"line":39,"column":null}},"7":{"start":{"line":41,"column":2},"end":{"line":41,"column":null}},"8":{"start":{"line":45,"column":14},"end":{"line":45,"column":null}},"9":{"start":{"line":46,"column":2},"end":{"line":49,"column":null}},"10":{"start":{"line":47,"column":10},"end":{"line":47,"column":null}},"11":{"start":{"line":48,"column":4},"end":{"line":48,"column":null}},"12":{"start":{"line":50,"column":2},"end":{"line":50,"column":null}},"13":{"start":{"line":58,"column":2},"end":{"line":73,"column":null}},"14":{"start":{"line":59,"column":20},"end":{"line":59,"column":null}},"15":{"start":{"line":60,"column":34},"end":{"line":60,"column":null}},"16":{"start":{"line":62,"column":4},"end":{"line":68,"column":null}},"17":{"start":{"line":63,"column":6},"end":{"line":63,"column":null}},"18":{"start":{"line":63,"column":32},"end":{"line":63,"column":null}},"19":{"start":{"line":64,"column":6},"end":{"line":64,"column":null}},"20":{"start":{"line":64,"column":34},"end":{"line":64,"column":null}},"21":{"start":{"line":66,"column":19},"end":{"line":66,"column":null}},"22":{"start":{"line":67,"column":6},"end":{"line":67,"column":null}},"23":{"start":{"line":70,"column":4},"end":{"line":70,"column":null}},"24":{"start":{"line":72,"column":4},"end":{"line":72,"column":null}},"25":{"start":{"line":77,"column":2},"end":{"line":77,"column":null}},"26":{"start":{"line":77,"column":54},"end":{"line":77,"column":null}},"27":{"start":{"line":78,"column":2},"end":{"line":78,"column":null}},"28":{"start":{"line":82,"column":42},"end":{"line":82,"column":null}},"29":{"start":{"line":84,"column":2},"end":{"line":88,"column":null}},"30":{"start":{"line":85,"column":22},"end":{"line":85,"column":null}},"31":{"start":{"line":86,"column":24},"end":{"line":86,"column":null}},"32":{"start":{"line":87,"column":4},"end":{"line":87,"column":null}},"33":{"start":{"line":90,"column":2},"end":{"line":90,"column":null}},"34":{"start":{"line":109,"column":47},"end":{"line":109,"column":null}},"35":{"start":{"line":110,"column":48},"end":{"line":110,"column":null}},"36":{"start":{"line":112,"column":2},"end":{"line":123,"column":null}},"37":{"start":{"line":113,"column":30},"end":{"line":113,"column":null}},"38":{"start":{"line":113,"column":58},"end":{"line":113,"column":79}},"39":{"start":{"line":114,"column":27},"end":{"line":114,"column":null}},"40":{"start":{"line":114,"column":55},"end":{"line":114,"column":73}},"41":{"start":{"line":117,"column":4},"end":{"line":119,"column":null}},"42":{"start":{"line":118,"column":6},"end":{"line":118,"column":null}},"43":{"start":{"line":120,"column":4},"end":{"line":122,"column":null}},"44":{"start":{"line":121,"column":6},"end":{"line":121,"column":null}},"45":{"start":{"line":125,"column":31},"end":{"line":125,"column":null}},"46":{"start":{"line":127,"column":2},"end":{"line":132,"column":null}},"47":{"start":{"line":128,"column":4},"end":{"line":131,"column":null}},"48":{"start":{"line":134,"column":2},"end":{"line":161,"column":null}},"49":{"start":{"line":135,"column":25},"end":{"line":135,"column":null}},"50":{"start":{"line":137,"column":4},"end":{"line":147,"column":null}},"51":{"start":{"line":138,"column":20},"end":{"line":138,"column":null}},"52":{"start":{"line":139,"column":6},"end":{"line":141,"column":null}},"53":{"start":{"line":140,"column":8},"end":{"line":140,"column":null}},"54":{"start":{"line":142,"column":6},"end":{"line":146,"column":null}},"55":{"start":{"line":143,"column":25},"end":{"line":143,"column":null}},"56":{"start":{"line":144,"column":8},"end":{"line":144,"column":null}},"57":{"start":{"line":145,"column":8},"end":{"line":145,"column":null}},"58":{"start":{"line":149,"column":26},"end":{"line":154,"column":null}},"59":{"start":{"line":150,"column":26},"end":{"line":150,"column":44}},"60":{"start":{"line":151,"column":49},"end":{"line":154,"column":8}},"61":{"start":{"line":156,"column":4},"end":{"line":160,"column":null}},"62":{"start":{"line":163,"column":2},"end":{"line":163,"column":null}},"63":{"start":{"line":167,"column":26},"end":{"line":167,"column":null}},"64":{"start":{"line":172,"column":8},"end":{"line":172,"column":null}},"65":{"start":{"line":172,"column":50},"end":{"line":172,"column":69}},"66":{"start":{"line":174,"column":2},"end":{"line":174,"column":null}},"67":{"start":{"line":174,"column":42},"end":{"line":174,"column":73}},"68":{"start":{"line":178,"column":8},"end":{"line":181,"column":null}},"69":{"start":{"line":179,"column":25},"end":{"line":179,"column":52}},"70":{"start":{"line":180,"column":22},"end":{"line":180,"column":41}},"71":{"start":{"line":181,"column":38},"end":{"line":181,"column":51}},"72":{"start":{"line":182,"column":2},"end":{"line":182,"column":null}},"73":{"start":{"line":186,"column":16},"end":{"line":186,"column":null}},"74":{"start":{"line":187,"column":21},"end":{"line":187,"column":null}},"75":{"start":{"line":187,"column":59},"end":{"line":187,"column":82}},"76":{"start":{"line":189,"column":2},"end":{"line":189,"column":null}},"77":{"start":{"line":191,"column":2},"end":{"line":209,"column":null}},"78":{"start":{"line":192,"column":4},"end":{"line":207,"column":null}},"79":{"start":{"line":193,"column":6},"end":{"line":193,"column":null}},"80":{"start":{"line":194,"column":6},"end":{"line":194,"column":null}},"81":{"start":{"line":196,"column":6},"end":{"line":206,"column":null}},"82":{"start":{"line":197,"column":8},"end":{"line":197,"column":null}},"83":{"start":{"line":199,"column":8},"end":{"line":205,"column":null}},"84":{"start":{"line":200,"column":10},"end":{"line":200,"column":null}},"85":{"start":{"line":202,"column":10},"end":{"line":204,"column":null}},"86":{"start":{"line":203,"column":12},"end":{"line":203,"column":null}},"87":{"start":{"line":208,"column":4},"end":{"line":208,"column":null}},"88":{"start":{"line":211,"column":2},"end":{"line":222,"column":null}},"89":{"start":{"line":212,"column":4},"end":{"line":212,"column":null}},"90":{"start":{"line":213,"column":4},"end":{"line":213,"column":null}},"91":{"start":{"line":215,"column":4},"end":{"line":221,"column":null}},"92":{"start":{"line":216,"column":6},"end":{"line":216,"column":null}},"93":{"start":{"line":218,"column":6},"end":{"line":220,"column":null}},"94":{"start":{"line":219,"column":8},"end":{"line":219,"column":null}},"95":{"start":{"line":229,"column":22},"end":{"line":229,"column":null}},"96":{"start":{"line":230,"column":15},"end":{"line":230,"column":null}},"97":{"start":{"line":230,"column":47},"end":{"line":230,"column":57}},"98":{"start":{"line":231,"column":21},"end":{"line":231,"column":null}},"99":{"start":{"line":233,"column":2},"end":{"line":242,"column":null}},"100":{"start":{"line":234,"column":23},"end":{"line":234,"column":44}},"101":{"start":{"line":235,"column":21},"end":{"line":242,"column":6}},"102":{"start":{"line":246,"column":19},"end":{"line":246,"column":null}},"103":{"start":{"line":247,"column":2},"end":{"line":249,"column":null}},"104":{"start":{"line":248,"column":4},"end":{"line":248,"column":null}},"105":{"start":{"line":248,"column":38},"end":{"line":248,"column":82}},"106":{"start":{"line":253,"column":2},"end":{"line":297,"column":null}},"107":{"start":{"line":259,"column":22},"end":{"line":259,"column":null}},"108":{"start":{"line":260,"column":20},"end":{"line":260,"column":null}},"109":{"start":{"line":261,"column":27},"end":{"line":261,"column":null}},"110":{"start":{"line":264,"column":28},"end":{"line":266,"column":null}},"111":{"start":{"line":267,"column":38},"end":{"line":267,"column":null}},"112":{"start":{"line":269,"column":29},"end":{"line":269,"column":null}},"113":{"start":{"line":271,"column":6},"end":{"line":280,"column":null}},"114":{"start":{"line":272,"column":8},"end":{"line":278,"column":null}},"115":{"start":{"line":279,"column":8},"end":{"line":279,"column":null}},"116":{"start":{"line":282,"column":26},"end":{"line":282,"column":null}},"117":{"start":{"line":284,"column":6},"end":{"line":291,"column":null}},"118":{"start":{"line":285,"column":8},"end":{"line":289,"column":null}},"119":{"start":{"line":286,"column":10},"end":{"line":286,"column":null}},"120":{"start":{"line":288,"column":10},"end":{"line":288,"column":null}},"121":{"start":{"line":290,"column":8},"end":{"line":290,"column":null}},"122":{"start":{"line":293,"column":6},"end":{"line":296,"column":null}},"123":{"start":{"line":293,"column":19},"end":{"line":293,"column":22}},"124":{"start":{"line":294,"column":8},"end":{"line":294,"column":null}},"125":{"start":{"line":294,"column":19},"end":{"line":294,"column":null}},"126":{"start":{"line":295,"column":8},"end":{"line":295,"column":null}}},"fnMap":{"0":{"name":"getSkillUrl","decl":{"start":{"line":28,"column":9},"end":{"line":28,"column":21}},"loc":{"start":{"line":28,"column":60},"end":{"line":42,"column":null}},"line":28},"1":{"name":"linkSkillName","decl":{"start":{"line":44,"column":9},"end":{"line":44,"column":23}},"loc":{"start":{"line":44,"column":50},"end":{"line":51,"column":null}},"line":44},"2":{"name":"detectSubcommands","decl":{"start":{"line":57,"column":15},"end":{"line":57,"column":33}},"loc":{"start":{"line":57,"column":71},"end":{"line":74,"column":null}},"line":57},"3":{"name":"getSkillPath","decl":{"start":{"line":76,"column":9},"end":{"line":76,"column":22}},"loc":{"start":{"line":76,"column":56},"end":{"line":79,"column":null}},"line":76},"4":{"name":"enrichWithSubcommands","decl":{"start":{"line":81,"column":15},"end":{"line":81,"column":37}},"loc":{"start":{"line":81,"column":92},"end":{"line":91,"column":null}},"line":81},"5":{"name":"groupByScope","decl":{"start":{"line":108,"column":9},"end":{"line":108,"column":22}},"loc":{"start":{"line":108,"column":68},"end":{"line":164,"column":null}},"line":108},"6":{"name":"(anonymous_6)","decl":{"start":{"line":113,"column":51},"end":{"line":113,"column":52}},"loc":{"start":{"line":113,"column":58},"end":{"line":113,"column":79}},"line":113},"7":{"name":"(anonymous_7)","decl":{"start":{"line":114,"column":48},"end":{"line":114,"column":49}},"loc":{"start":{"line":114,"column":55},"end":{"line":114,"column":73}},"line":114},"8":{"name":"(anonymous_8)","decl":{"start":{"line":150,"column":12},"end":{"line":150,"column":13}},"loc":{"start":{"line":150,"column":26},"end":{"line":150,"column":44}},"line":150},"9":{"name":"(anonymous_9)","decl":{"start":{"line":151,"column":11},"end":{"line":151,"column":12}},"loc":{"start":{"line":151,"column":49},"end":{"line":154,"column":8}},"line":151},"10":{"name":"groupBySourceType","decl":{"start":{"line":169,"column":9},"end":{"line":169,"column":null}},"loc":{"start":{"line":171,"column":61},"end":{"line":175,"column":null}},"line":171},"11":{"name":"(anonymous_11)","decl":{"start":{"line":172,"column":39},"end":{"line":172,"column":40}},"loc":{"start":{"line":172,"column":50},"end":{"line":172,"column":69}},"line":172},"12":{"name":"(anonymous_12)","decl":{"start":{"line":174,"column":21},"end":{"line":174,"column":22}},"loc":{"start":{"line":174,"column":42},"end":{"line":174,"column":73}},"line":174},"13":{"name":"getProjectRoots","decl":{"start":{"line":177,"column":9},"end":{"line":177,"column":25}},"loc":{"start":{"line":177,"column":64},"end":{"line":183,"column":null}},"line":177},"14":{"name":"(anonymous_14)","decl":{"start":{"line":179,"column":12},"end":{"line":179,"column":13}},"loc":{"start":{"line":179,"column":25},"end":{"line":179,"column":52}},"line":179},"15":{"name":"(anonymous_15)","decl":{"start":{"line":180,"column":9},"end":{"line":180,"column":10}},"loc":{"start":{"line":180,"column":22},"end":{"line":180,"column":41}},"line":180},"16":{"name":"(anonymous_16)","decl":{"start":{"line":181,"column":12},"end":{"line":181,"column":13}},"loc":{"start":{"line":181,"column":38},"end":{"line":181,"column":51}},"line":181},"17":{"name":"printScopeGroup","decl":{"start":{"line":185,"column":9},"end":{"line":185,"column":25}},"loc":{"start":{"line":185,"column":50},"end":{"line":223,"column":null}},"line":185},"18":{"name":"(anonymous_18)","decl":{"start":{"line":187,"column":47},"end":{"line":187,"column":48}},"loc":{"start":{"line":187,"column":59},"end":{"line":187,"column":82}},"line":187},"19":{"name":"listGlobalSkills","decl":{"start":{"line":225,"column":15},"end":{"line":225,"column":null}},"loc":{"start":{"line":228,"column":25},"end":{"line":243,"column":null}},"line":228},"20":{"name":"(anonymous_20)","decl":{"start":{"line":230,"column":36},"end":{"line":230,"column":37}},"loc":{"start":{"line":230,"column":47},"end":{"line":230,"column":57}},"line":230},"21":{"name":"(anonymous_21)","decl":{"start":{"line":234,"column":12},"end":{"line":234,"column":13}},"loc":{"start":{"line":234,"column":23},"end":{"line":234,"column":44}},"line":234},"22":{"name":"(anonymous_22)","decl":{"start":{"line":235,"column":9},"end":{"line":235,"column":10}},"loc":{"start":{"line":235,"column":21},"end":{"line":242,"column":6}},"line":235},"23":{"name":"filterByAgents","decl":{"start":{"line":245,"column":9},"end":{"line":245,"column":24}},"loc":{"start":{"line":245,"column":78},"end":{"line":250,"column":null}},"line":245},"24":{"name":"(anonymous_24)","decl":{"start":{"line":247,"column":23},"end":{"line":247,"column":24}},"loc":{"start":{"line":248,"column":4},"end":{"line":248,"column":null}},"line":248},"25":{"name":"(anonymous_25)","decl":{"start":{"line":248,"column":25},"end":{"line":248,"column":26}},"loc":{"start":{"line":248,"column":38},"end":{"line":248,"column":82}},"line":248},"26":{"name":"registerList","decl":{"start":{"line":252,"column":16},"end":{"line":252,"column":29}},"loc":{"start":{"line":252,"column":53},"end":{"line":298,"column":null}},"line":252},"27":{"name":"(anonymous_27)","decl":{"start":{"line":258,"column":12},"end":{"line":258,"column":19}},"loc":{"start":{"line":258,"column":31},"end":{"line":297,"column":5}},"line":258}},"branchMap":{"0":{"loc":{"start":{"line":29,"column":2},"end":{"line":31,"column":null}},"type":"if","locations":[{"start":{"line":29,"column":2},"end":{"line":31,"column":null}},{"start":{},"end":{}}],"line":29},"1":{"loc":{"start":{"line":29,"column":6},"end":{"line":29,"column":55}},"type":"binary-expr","locations":[{"start":{"line":29,"column":6},"end":{"line":29,"column":37}},{"start":{"line":29,"column":37},"end":{"line":29,"column":55}}],"line":29},"2":{"loc":{"start":{"line":32,"column":2},"end":{"line":40,"column":null}},"type":"if","locations":[{"start":{"line":32,"column":2},"end":{"line":40,"column":null}},{"start":{},"end":{}}],"line":32},"3":{"loc":{"start":{"line":32,"column":6},"end":{"line":32,"column":56}},"type":"binary-expr","locations":[{"start":{"line":32,"column":6},"end":{"line":32,"column":37}},{"start":{"line":32,"column":37},"end":{"line":32,"column":56}}],"line":32},"4":{"loc":{"start":{"line":35,"column":4},"end":{"line":37,"column":null}},"type":"if","locations":[{"start":{"line":35,"column":4},"end":{"line":37,"column":null}},{"start":{},"end":{}}],"line":35},"5":{"loc":{"start":{"line":35,"column":8},"end":{"line":35,"column":67}},"type":"binary-expr","locations":[{"start":{"line":35,"column":8},"end":{"line":35,"column":38}},{"start":{"line":35,"column":38},"end":{"line":35,"column":67}}],"line":35},"6":{"loc":{"start":{"line":46,"column":2},"end":{"line":49,"column":null}},"type":"if","locations":[{"start":{"line":46,"column":2},"end":{"line":49,"column":null}},{"start":{},"end":{}}],"line":46},"7":{"loc":{"start":{"line":46,"column":6},"end":{"line":46,"column":39}},"type":"binary-expr","locations":[{"start":{"line":46,"column":6},"end":{"line":46,"column":13}},{"start":{"line":46,"column":13},"end":{"line":46,"column":39}}],"line":46},"8":{"loc":{"start":{"line":63,"column":6},"end":{"line":63,"column":null}},"type":"if","locations":[{"start":{"line":63,"column":6},"end":{"line":63,"column":null}},{"start":{},"end":{}}],"line":63},"9":{"loc":{"start":{"line":64,"column":6},"end":{"line":64,"column":null}},"type":"if","locations":[{"start":{"line":64,"column":6},"end":{"line":64,"column":null}},{"start":{},"end":{}}],"line":64},"10":{"loc":{"start":{"line":77,"column":2},"end":{"line":77,"column":null}},"type":"if","locations":[{"start":{"line":77,"column":2},"end":{"line":77,"column":null}},{"start":{},"end":{}}],"line":77},"11":{"loc":{"start":{"line":77,"column":6},"end":{"line":77,"column":54}},"type":"binary-expr","locations":[{"start":{"line":77,"column":6},"end":{"line":77,"column":25}},{"start":{"line":77,"column":25},"end":{"line":77,"column":54}}],"line":77},"12":{"loc":{"start":{"line":86,"column":24},"end":{"line":86,"column":null}},"type":"cond-expr","locations":[{"start":{"line":86,"column":36},"end":{"line":86,"column":73}},{"start":{"line":86,"column":73},"end":{"line":86,"column":null}}],"line":86},"13":{"loc":{"start":{"line":117,"column":4},"end":{"line":119,"column":null}},"type":"if","locations":[{"start":{"line":117,"column":4},"end":{"line":119,"column":null}},{"start":{},"end":{}}],"line":117},"14":{"loc":{"start":{"line":120,"column":4},"end":{"line":122,"column":null}},"type":"if","locations":[{"start":{"line":120,"column":4},"end":{"line":122,"column":null}},{"start":{},"end":{}}],"line":120},"15":{"loc":{"start":{"line":120,"column":8},"end":{"line":120,"column":67}},"type":"binary-expr","locations":[{"start":{"line":120,"column":8},"end":{"line":120,"column":27}},{"start":{"line":120,"column":27},"end":{"line":120,"column":49}},{"start":{"line":120,"column":49},"end":{"line":120,"column":67}}],"line":120},"16":{"loc":{"start":{"line":127,"column":2},"end":{"line":132,"column":null}},"type":"if","locations":[{"start":{"line":127,"column":2},"end":{"line":132,"column":null}},{"start":{},"end":{}}],"line":127},"17":{"loc":{"start":{"line":134,"column":2},"end":{"line":161,"column":null}},"type":"if","locations":[{"start":{"line":134,"column":2},"end":{"line":161,"column":null}},{"start":{},"end":{}}],"line":134},"18":{"loc":{"start":{"line":139,"column":6},"end":{"line":141,"column":null}},"type":"if","locations":[{"start":{"line":139,"column":6},"end":{"line":141,"column":null}},{"start":{},"end":{}}],"line":139},"19":{"loc":{"start":{"line":143,"column":25},"end":{"line":143,"column":null}},"type":"binary-expr","locations":[{"start":{"line":143,"column":25},"end":{"line":143,"column":51}},{"start":{"line":143,"column":51},"end":{"line":143,"column":null}}],"line":143},"20":{"loc":{"start":{"line":178,"column":17},"end":{"line":178,"column":null}},"type":"binary-expr","locations":[{"start":{"line":178,"column":17},"end":{"line":178,"column":35}},{"start":{"line":178,"column":35},"end":{"line":178,"column":null}}],"line":178},"21":{"loc":{"start":{"line":186,"column":16},"end":{"line":186,"column":null}},"type":"cond-expr","locations":[{"start":{"line":186,"column":43},"end":{"line":186,"column":61}},{"start":{"line":186,"column":61},"end":{"line":186,"column":null}}],"line":186},"22":{"loc":{"start":{"line":191,"column":2},"end":{"line":209,"column":null}},"type":"if","locations":[{"start":{"line":191,"column":2},"end":{"line":209,"column":null}},{"start":{},"end":{}}],"line":191},"23":{"loc":{"start":{"line":191,"column":6},"end":{"line":191,"column":56}},"type":"binary-expr","locations":[{"start":{"line":191,"column":6},"end":{"line":191,"column":35}},{"start":{"line":191,"column":35},"end":{"line":191,"column":56}}],"line":191},"24":{"loc":{"start":{"line":202,"column":10},"end":{"line":204,"column":null}},"type":"if","locations":[{"start":{"line":202,"column":10},"end":{"line":204,"column":null}},{"start":{},"end":{}}],"line":202},"25":{"loc":{"start":{"line":218,"column":6},"end":{"line":220,"column":null}},"type":"if","locations":[{"start":{"line":218,"column":6},"end":{"line":220,"column":null}},{"start":{},"end":{}}],"line":218},"26":{"loc":{"start":{"line":248,"column":38},"end":{"line":248,"column":82}},"type":"binary-expr","locations":[{"start":{"line":248,"column":38},"end":{"line":248,"column":55}},{"start":{"line":248,"column":55},"end":{"line":248,"column":82}}],"line":248},"27":{"loc":{"start":{"line":264,"column":28},"end":{"line":266,"column":null}},"type":"cond-expr","locations":[{"start":{"line":265,"column":10},"end":{"line":265,"column":null}},{"start":{"line":266,"column":10},"end":{"line":266,"column":null}}],"line":264},"28":{"loc":{"start":{"line":271,"column":6},"end":{"line":280,"column":null}},"type":"if","locations":[{"start":{"line":271,"column":6},"end":{"line":280,"column":null}},{"start":{},"end":{}}],"line":271},"29":{"loc":{"start":{"line":284,"column":6},"end":{"line":291,"column":null}},"type":"if","locations":[{"start":{"line":284,"column":6},"end":{"line":291,"column":null}},{"start":{},"end":{}}],"line":284},"30":{"loc":{"start":{"line":285,"column":8},"end":{"line":289,"column":null}},"type":"if","locations":[{"start":{"line":285,"column":8},"end":{"line":289,"column":null}},{"start":{"line":287,"column":15},"end":{"line":289,"column":null}}],"line":285},"31":{"loc":{"start":{"line":294,"column":8},"end":{"line":294,"column":null}},"type":"if","locations":[{"start":{"line":294,"column":8},"end":{"line":294,"column":null}},{"start":{},"end":{}}],"line":294}},"s":{"0":0,"1":0,"2":0,"3":0,"4":0,"5":0,"6":0,"7":0,"8":0,"9":0,"10":0,"11":0,"12":0,"13":0,"14":0,"15":0,"16":0,"17":0,"18":0,"19":0,"20":0,"21":0,"22":0,"23":0,"24":0,"25":0,"26":0,"27":0,"28":0,"29":0,"30":0,"31":0,"32":0,"33":0,"34":0,"35":0,"36":0,"37":0,"38":0,"39":0,"40":0,"41":0,"42":0,"43":0,"44":0,"45":0,"46":0,"47":0,"48":0,"49":0,"50":0,"51":0,"52":0,"53":0,"54":0,"55":0,"56":0,"57":0,"58":0,"59":0,"60":0,"61":0,"62":0,"63":0,"64":0,"65":0,"66":0,"67":0,"68":0,"69":0,"70":0,"71":0,"72":0,"73":0,"74":0,"75":0,"76":0,"77":0,"78":0,"79":0,"80":0,"81":0,"82":0,"83":0,"84":0,"85":0,"86":0,"87":0,"88":0,"89":0,"90":0,"91":0,"92":0,"93":0,"94":0,"95":0,"96":0,"97":0,"98":0,"99":0,"100":0,"101":0,"102":0,"103":0,"104":0,"105":0,"106":0,"107":0,"108":0,"109":0,"110":0,"111":0,"112":0,"113":0,"114":0,"115":0,"116":0,"117":0,"118":0,"119":0,"120":0,"121":0,"122":0,"123":0,"124":0,"125":0,"126":0},"f":{"0":0,"1":0,"2":0,"3":0,"4":0,"5":0,"6":0,"7":0,"8":0,"9":0,"10":0,"11":0,"12":0,"13":0,"14":0,"15":0,"16":0,"17":0,"18":0,"19":0,"20":0,"21":0,"22":0,"23":0,"24":0,"25":0,"26":0,"27":0},"b":{"0":[0,0],"1":[0,0],"2":[0,0],"3":[0,0],"4":[0,0],"5":[0,0],"6":[0,0],"7":[0,0],"8":[0,0],"9":[0,0],"10":[0,0],"11":[0,0],"12":[0,0],"13":[0,0],"14":[0,0],"15":[0,0,0],"16":[0,0],"17":[0,0],"18":[0,0],"19":[0,0],"20":[0,0],"21":[0,0],"22":[0,0],"23":[0,0],"24":[0,0],"25":[0,0],"26":[0,0],"27":[0,0],"28":[0,0],"29":[0,0],"30":[0,0],"31":[0,0]},"meta":{"lastBranch":32,"lastFunction":28,"lastStatement":127,"seen":{"f:28:9:28:21":0,"b:29:2:31:Infinity:undefined:undefined:undefined:undefined":0,"s:29:2:31:Infinity":0,"b:29:6:29:37:29:37:29:55":1,"s:30:4:30:Infinity":1,"b:32:2:40:Infinity:undefined:undefined:undefined:undefined":2,"s:32:2:40:Infinity":2,"b:32:6:32:37:32:37:32:56":3,"s:33:17:33:Infinity":3,"b:35:4:37:Infinity:undefined:undefined:undefined:undefined":4,"s:35:4:37:Infinity":4,"b:35:8:35:38:35:38:35:67":5,"s:36:6:36:Infinity":5,"s:39:4:39:Infinity":6,"s:41:2:41:Infinity":7,"f:44:9:44:23":1,"s:45:14:45:Infinity":8,"b:46:2:49:Infinity:undefined:undefined:undefined:undefined":6,"s:46:2:49:Infinity":9,"b:46:6:46:13:46:13:46:39":7,"s:47:10:47:Infinity":10,"s:48:4:48:Infinity":11,"s:50:2:50:Infinity":12,"f:57:15:57:33":2,"s:58:2:73:Infinity":13,"s:59:20:59:Infinity":14,"s:60:34:60:Infinity":15,"s:62:4:68:Infinity":16,"b:63:6:63:Infinity:undefined:undefined:undefined:undefined":8,"s:63:6:63:Infinity":17,"s:63:32:63:Infinity":18,"b:64:6:64:Infinity:undefined:undefined:undefined:undefined":9,"s:64:6:64:Infinity":19,"s:64:34:64:Infinity":20,"s:66:19:66:Infinity":21,"s:67:6:67:Infinity":22,"s:70:4:70:Infinity":23,"s:72:4:72:Infinity":24,"f:76:9:76:22":3,"b:77:2:77:Infinity:undefined:undefined:undefined:undefined":10,"s:77:2:77:Infinity":25,"b:77:6:77:25:77:25:77:54":11,"s:77:54:77:Infinity":26,"s:78:2:78:Infinity":27,"f:81:15:81:37":4,"s:82:42:82:Infinity":28,"s:84:2:88:Infinity":29,"s:85:22:85:Infinity":30,"s:86:24:86:Infinity":31,"b:86:36:86:73:86:73:86:Infinity":12,"s:87:4:87:Infinity":32,"s:90:2:90:Infinity":33,"f:108:9:108:22":5,"s:109:47:109:Infinity":34,"s:110:48:110:Infinity":35,"s:112:2:123:Infinity":36,"s:113:30:113:Infinity":37,"f:113:51:113:52":6,"s:113:58:113:79":38,"s:114:27:114:Infinity":39,"f:114:48:114:49":7,"s:114:55:114:73":40,"b:117:4:119:Infinity:undefined:undefined:undefined:undefined":13,"s:117:4:119:Infinity":41,"s:118:6:118:Infinity":42,"b:120:4:122:Infinity:undefined:undefined:undefined:undefined":14,"s:120:4:122:Infinity":43,"b:120:8:120:27:120:27:120:49:120:49:120:67":15,"s:121:6:121:Infinity":44,"s:125:31:125:Infinity":45,"b:127:2:132:Infinity:undefined:undefined:undefined:undefined":16,"s:127:2:132:Infinity":46,"s:128:4:131:Infinity":47,"b:134:2:161:Infinity:undefined:undefined:undefined:undefined":17,"s:134:2:161:Infinity":48,"s:135:25:135:Infinity":49,"s:137:4:147:Infinity":50,"s:138:20:138:Infinity":51,"b:139:6:141:Infinity:undefined:undefined:undefined:undefined":18,"s:139:6:141:Infinity":52,"s:140:8:140:Infinity":53,"s:142:6:146:Infinity":54,"s:143:25:143:Infinity":55,"b:143:25:143:51:143:51:143:Infinity":19,"s:144:8:144:Infinity":56,"s:145:8:145:Infinity":57,"s:149:26:154:Infinity":58,"f:150:12:150:13":8,"s:150:26:150:44":59,"f:151:11:151:12":9,"s:151:49:154:8":60,"s:156:4:160:Infinity":61,"s:163:2:163:Infinity":62,"s:167:26:167:Infinity":63,"f:169:9:169:Infinity":10,"s:172:8:172:Infinity":64,"f:172:39:172:40":11,"s:172:50:172:69":65,"s:174:2:174:Infinity":66,"f:174:21:174:22":12,"s:174:42:174:73":67,"f:177:9:177:25":13,"s:178:8:181:Infinity":68,"b:178:17:178:35:178:35:178:Infinity":20,"f:179:12:179:13":14,"s:179:25:179:52":69,"f:180:9:180:10":15,"s:180:22:180:41":70,"f:181:12:181:13":16,"s:181:38:181:51":71,"s:182:2:182:Infinity":72,"f:185:9:185:25":17,"s:186:16:186:Infinity":73,"b:186:43:186:61:186:61:186:Infinity":21,"s:187:21:187:Infinity":74,"f:187:47:187:48":18,"s:187:59:187:82":75,"s:189:2:189:Infinity":76,"b:191:2:209:Infinity:undefined:undefined:undefined:undefined":22,"s:191:2:209:Infinity":77,"b:191:6:191:35:191:35:191:56":23,"s:192:4:207:Infinity":78,"s:193:6:193:Infinity":79,"s:194:6:194:Infinity":80,"s:196:6:206:Infinity":81,"s:197:8:197:Infinity":82,"s:199:8:205:Infinity":83,"s:200:10:200:Infinity":84,"b:202:10:204:Infinity:undefined:undefined:undefined:undefined":24,"s:202:10:204:Infinity":85,"s:203:12:203:Infinity":86,"s:208:4:208:Infinity":87,"s:211:2:222:Infinity":88,"s:212:4:212:Infinity":89,"s:213:4:213:Infinity":90,"s:215:4:221:Infinity":91,"s:216:6:216:Infinity":92,"b:218:6:220:Infinity:undefined:undefined:undefined:undefined":25,"s:218:6:220:Infinity":93,"s:219:8:219:Infinity":94,"f:225:15:225:Infinity":19,"s:229:22:229:Infinity":95,"s:230:15:230:Infinity":96,"f:230:36:230:37":20,"s:230:47:230:57":97,"s:231:21:231:Infinity":98,"s:233:2:242:Infinity":99,"f:234:12:234:13":21,"s:234:23:234:44":100,"f:235:9:235:10":22,"s:235:21:242:6":101,"f:245:9:245:24":23,"s:246:19:246:Infinity":102,"s:247:2:249:Infinity":103,"f:247:23:247:24":24,"s:248:4:248:Infinity":104,"f:248:25:248:26":25,"s:248:38:248:82":105,"b:248:38:248:55:248:55:248:82":26,"f:252:16:252:29":26,"s:253:2:297:Infinity":106,"f:258:12:258:19":27,"s:259:22:
[...]
/christian.anagnostou/Projects/skillbox/src/lib/skill-store.ts","statementMap":{"0":{"start":{"line":15,"column":2},"end":{"line":15,"column":null}},"1":{"start":{"line":19,"column":2},"end":{"line":19,"column":null}},"2":{"start":{"line":27,"column":20},"end":{"line":27,"column":null}},"3":{"start":{"line":28,"column":2},"end":{"line":28,"column":null}},"4":{"start":{"line":29,"column":2},"end":{"line":29,"column":null}},"5":{"start":{"line":30,"column":2},"end":{"line":34,"column":null}},"6":{"start":{"line":38,"column":20},"end":{"line":38,"column":null}},"7":{"start":{"line":39,"column":18},"end":{"line":39,"column":null}},"8":{"start":{"line":40,"column":2},"end":{"line":40,"column":null}},"9":{"start":{"line":44,"column":20},"end":{"line":44,"column":null}},"10":{"start":{"line":45,"column":2},"end":{"line":49,"column":null}},"11":{"start":{"line":53,"column":2},"end":{"line":53,"column":null}},"12":{"start":{"line":62,"column":19},"end":{"line":62,"column":null}},"13":{"start":{"line":63,"column":8},"end":{"line":63,"column":null}},"14":{"start":{"line":65,"column":2},"end":{"line":67,"column":null}},"15":{"start":{"line":66,"column":4},"end":{"line":66,"column":null}},"16":{"start":{"line":69,"column":8},"end":{"line":69,"column":null}},"17":{"start":{"line":70,"column":2},"end":{"line":70,"column":null}},"18":{"start":{"line":71,"column":2},"end":{"line":71,"column":null}},"19":{"start":{"line":73,"column":2},"end":{"line":77,"column":null}}},"fnMap":{"0":{"name":"ensureSkillsDir","decl":{"start":{"line":14,"column":22},"end":{"line":14,"column":55}},"loc":{"start":{"line":14,"column":55},"end":{"line":16,"column":null}},"line":14},"1":{"name":"skillDir","decl":{"start":{"line":18,"column":16},"end":{"line":18,"column":25}},"loc":{"start":{"line":18,"column":47},"end":{"line":20,"column":null}},"line":18},"2":{"name":"writeSkillFiles","decl":{"start":{"line":22,"column":22},"end":{"line":22,"column":null}},"loc":{"start":{"line":26,"column":17},"end":{"line":35,"column":null}},"line":26},"3":{"name":"readSkillMetadata","decl":{"start":{"line":37,"column":22},"end":{"line":37,"column":40}},"loc":{"start":{"line":37,"column":78},"end":{"line":41,"column":null}},"line":37},"4":{"name":"writeSkillMetadata","decl":{"start":{"line":43,"column":22},"end":{"line":43,"column":41}},"loc":{"start":{"line":43,"column":95},"end":{"line":50,"column":null}},"line":43},"5":{"name":"hashContent","decl":{"start":{"line":52,"column":16},"end":{"line":52,"column":28}},"loc":{"start":{"line":52,"column":53},"end":{"line":54,"column":null}},"line":52},"6":{"name":"importSkillFromDir","decl":{"start":{"line":61,"column":22},"end":{"line":61,"column":41}},"loc":{"start":{"line":61,"column":95},"end":{"line":78,"column":null}},"line":61}},"branchMap":{"0":{"loc":{"start":{"line":65,"column":2},"end":{"line":67,"column":null}},"type":"if","locations":[{"start":{"line":65,"column":2},"end":{"line":67,"column":null}},{"start":{},"end":{}}],"line":65}},"s":{"0":0,"1":0,"2":0,"3":0,"4":0,"5":0,"6":0,"7":0,"8":0,"9":0,"10":0,"11":0,"12":0,"13":0,"14":0,"15":0,"16":0,"17":0,"18":0,"19":0},"f":{"0":0,"1":0,"2":0,"3":0,"4":0,"5":0,"6":0},"b":{"0":[0,0]},"meta":{"lastBranch":1,"lastFunction":7,"lastStatement":20,"seen":{"f:14:22:14:55":0,"s:15:2:15:Infinity":0,"f:18:16:18:25":1,"s:19:2:19:Infinity":1,"f:22:22:22:Infinity":2,"s:27:20:27:Infinity":2,"s:28:2:28:Infinity":3,"s:29:2:29:Infinity":4,"s:30:2:34:Infinity":5,"f:37:22:37:40":3,"s:38:20:38:Infinity":6,"s:39:18:39:Infinity":7,"s:40:2:40:Infinity":8,"f:43:22:43:41":4,"s:44:20:44:Infinity":9,"s:45:2:49:Infinity":10,"f:52:16:52:28":5,"s:53:2:53:Infinity":11,"f:61:22:61:41":6,"s:62:19:62:Infinity":12,"s:63:8:63:Infinity":13,"b:65:2:67:Infinity:undefined:undefined:undefined:undefined":0,"s:65:2:67:Infinity":14,"s:66:4:66:Infinity":15,"s:69:8:69:Infinity":16,"s:70:2:70:Infinity":17,"s:71:2:71:Infinity":18,"s:73:2:77:Infinity":19}}}
,"/Users/christian.anagnostou/Projects/skillbox/src/lib/source-grouping.ts": {"path":"/Users/christian.anagnostou/Projects/skillbox/src/lib/source-grouping.ts","statementMap":{"0":{"start":{"line":9,"column":17},"end":{"line":9,"column":null}},"1":{"start":{"line":11,"column":2},"end":{"line":16,"column":null}},"2":{"start":{"line":12,"column":16},"end":{"line":12,"column":null}},"3":{"start":{"line":13,"column":21},"end":{"line":13,"column":null}},"4":{"start":{"line":14,"column":4},"end":{"line":14,"column":null}},"5":{"start":{"line":15,"column":4},"end":{"line":15,"column":null}},"6":{"start":{"line":18,"column":2},"end":{"line":18,"column":null}},"7":{"start":{"line":25,"column":2},"end":{"line":32,"column":null}},"8":{"start":{"line":26,"column":19},"end":{"line":26,"column":null}},"9":{"start":{"line":27,"column":19},"end":{"line":27,"column":null}},"10":{"start":{"line":28,"column":4},"end":{"line":28,"column":null}},"11":{"start":{"line":28,"column":40},"end":{"line":28,"column":null}},"12":{"start":{"line":29,"column":4},"end":{"line":29,"column":null}},"13":{"start":{"line":29,"column":23},"end":{"line":29,"column":null}},"14":{"start":{"line":30,"column":4},"end":{"line":30,"column":null}},"15":{"start":{"line":30,"column":23},"end":{"line":30,"column":null}},"16":{"start":{"line":31,"column":4},"end":{"line":31,"column":null}},"17":{"start":{"line":44,"column":17},"end":{"line":44,"column":null}},"18":{"start":{"line":45,"column":21},"end":{"line":45,"column":null}},"19":{"start":{"line":47,"column":2},"end":{"line":50,"column":null}},"20":{"start":{"line":47,"column":34},"end":{"line":50,"column":4}},"21":{"start":{"line":57,"column":2},"end":{"line":57,"column":null}}},"fnMap":{"0":{"name":"groupByKey","decl":{"start":{"line":8,"column":16},"end":{"line":8,"column":30}},"loc":{"start":{"line":8,"column":89},"end":{"line":19,"column":null}},"line":8},"1":{"name":"sortGroupKeys","decl":{"start":{"line":24,"column":16},"end":{"line":24,"column":30}},"loc":{"start":{"line":24,"column":76},"end":{"line":33,"column":null}},"line":24},"2":{"name":"(anonymous_2)","decl":{"start":{"line":25,"column":24},"end":{"line":25,"column":25}},"loc":{"start":{"line":25,"column":34},"end":{"line":32,"column":3}},"line":25},"3":{"name":"groupAndSort","decl":{"start":{"line":38,"column":16},"end":{"line":38,"column":null}},"loc":{"start":{"line":43,"column":38},"end":{"line":51,"column":null}},"line":43},"4":{"name":"(anonymous_4)","decl":{"start":{"line":47,"column":24},"end":{"line":47,"column":25}},"loc":{"start":{"line":47,"column":34},"end":{"line":50,"column":4}},"line":47},"5":{"name":"sortByName","decl":{"start":{"line":56,"column":16},"end":{"line":56,"column":55}},"loc":{"start":{"line":56,"column":75},"end":{"line":58,"column":null}},"line":56}},"branchMap":{"0":{"loc":{"start":{"line":13,"column":21},"end":{"line":13,"column":null}},"type":"binary-expr","locations":[{"start":{"line":13,"column":21},"end":{"line":13,"column":40}},{"start":{"line":13,"column":40},"end":{"line":13,"column":null}}],"line":13},"1":{"loc":{"start":{"line":28,"column":4},"end":{"line":28,"column":null}},"type":"if","locations":[{"start":{"line":28,"column":4},"end":{"line":28,"column":null}},{"start":{},"end":{}}],"line":28},"2":{"loc":{"start":{"line":28,"column":8},"end":{"line":28,"column":40}},"type":"binary-expr","locations":[{"start":{"line":28,"column":8},"end":{"line":28,"column":25}},{"start":{"line":28,"column":25},"end":{"line":28,"column":40}}],"line":28},"3":{"loc":{"start":{"line":29,"column":4},"end":{"line":29,"column":null}},"type":"if","locations":[{"start":{"line":29,"column":4},"end":{"line":29,"column":null}},{"start":{},"end":{}}],"line":29},"4":{"loc":{"start":{"line":30,"column":4},"end":{"line":30,"column":null}},"type":"if","locations":[{"start":{"line":30,"column":4},"end":{"line":30,"column":null}},{"start":{},"end":{}}],"line":30},"5":{"loc":{"start":{"line":49,"column":12},"end":{"line":49,"column":35}},"type":"binary-expr","locations":[{"start":{"line":49,"column":12},"end":{"line":49,"column":31}},{"start":{"line":49,"column":31},"end":{"line":49,"column":35}}],"line":49}},"s":{"0":0,"1":0,"2":0,"3":0,"4":0,"5":0,"6":0,"7":0,"8":0,"9":0,"10":0,"11":0,"12":0,"13":0,"14":0,"15":0,"16":0,"17":0,"18":0,"19":0,"20":0,"21":0},"f":{"0":0,"1":0,"2":0,"3":0,"4":0,"5":0},"b":{"0":[0,0],"1":[0,0],"2":[0,0],"3":[0,0],"4":[0,0],"5":[0,0]},"meta":{"lastBranch":6,"lastFunction":6,"lastStatement":22,"seen":{"f:8:16:8:30":0,"s:9:17:9:Infinity":0,"s:11:2:16:Infinity":1,"s:12:16:12:Infinity":2,"s:13:21:13:Infinity":3,"b:13:21:13:40:13:40:13:Infinity":0,"s:14:4:14:Infinity":4,"s:15:4:15:Infinity":5,"s:18:2:18:Infinity":6,"f:24:16:24:30":1,"s:25:2:32:Infinity":7,"f:25:24:25:25":2,"s:26:19:26:Infinity":8,"s:27:19:27:Infinity":9,"b:28:4:28:Infinity:undefined:undefined:undefined:undefined":1,"s:28:4:28:Infinity":10,"b:28:8:28:25:28:25:28:40":2,"s:28:40:28:Infinity":11,"b:29:4:29:Infinity:undefined:undefined:undefined:undefined":3,"s:29:4:29:Infinity":12,"s:29:23:29:Infinity":13,"b:30:4:30:Infinity:undefined:undefined:undefined:undefined":4,"s:30:4:30:Infinity":14,"s:30:23:30:Infinity":15,"s:31:4:31:Infinity":16,"f:38:16:38:Infinity":3,"s:44:17:44:Infinity":17,"s:45:21:45:Infinity":18,"s:47:2:50:Infinity":19,"f:47:24:47:25":4,"s:47:34:50:4":20,"b:49:12:49:31:49:31:49:35":5,"f:56:16:56:55":5,"s:57:2:57:Infinity":21}}}
,"/Users/christian.anagnostou/Projects/skillbox/src/lib/sync.ts": {"path":"/Users/christian.anagnostou/Projects/skillbox/src/lib/sync.ts","statementMap":{"0":{"start":{"line":9,"column":2},"end":{"line":9,"column":null}},"1":{"start":{"line":13,"column":18},"end":{"line":13,"column":null}},"2":{"start":{"line":14,"column":2},"end":{"line":22,"column":null}},"3":{"start":{"line":15,"column":23},"end":{"line":15,"column":null}},"4":{"start":{"line":16,"column":21},"end":{"line":16,"column":null}},"5":{"start":{"line":17,"column":17},"end":{"line":17,"column":null}},"6":{"start":{"line":18,"column":4},"end":{"line":20,"column":null}},"7":{"start":{"line":19,"column":6},"end":{"line":19,"column":null}},"8":{"start":{"line":21,"column":4},"end":{"line":21,"column":null}},"9":{"start":{"line":26,"column":2},"end":{"line":35,"column":null}},"10":{"start":{"line":27,"column":17},"end":{"line":27,"column":null}},"11":{"start":{"line":28,"column":4},"end":{"line":30,"column":null}},"12":{"start":{"line":29,"column":6},"end":{"line":29,"column":null}},"13":{"start":{"line":31,"column":23},"end":{"line":31,"column":null}},"14":{"start":{"line":32,"column":4},"end":{"line":32,"column":null}},"15":{"start":{"line":34,"column":4},"end":{"line":34,"column":null}},"16":{"start":{"line":39,"column":2},"end":{"line":41,"column":null}},"17":{"start":{"line":40,"column":4},"end":{"line":40,"column":null}},"18":{"start":{"line":42,"column":2},"end":{"line":42,"column":null}},"19":{"start":{"line":43,"column":2},"end":{"line":43,"column":null}},"20":{"start":{"line":53,"column":18},"end":{"line":53,"column":null}},"21":{"start":{"line":53,"column":45},"end":{"line":53,"column":70}},"22":{"start":{"line":54,"column":2},"end":{"line":56,"column":null}},"23":{"start":{"line":55,"column":4},"end":{"line":55,"column":null}},"24":{"start":{"line":58,"column":29},"end":{"line":58,"column":null}},"25":{"start":{"line":59,"column":2},"end":{"line":69,"column":null}},"26":{"start":{"line":60,"column":22},"end":{"line":60,"column":null}},"27":{"start":{"line":61,"column":21},"end":{"line":61,"column":null}},"28":{"start":{"line":62,"column":4},"end":{"line":68,"column":null}},"29":{"start":{"line":63,"column":6},"end":{"line":65,"column":null}},"30":{"start":{"line":67,"column":6},"end":{"line":67,"column":null}},"31":{"start":{"line":70,"column":2},"end":{"line":70,"column":null}},"32":{"start":{"line":78,"column":8},"end":{"line":78,"column":null}},"33":{"start":{"line":79,"column":35},"end":{"line":79,"column":null}},"34":{"start":{"line":81,"column":2},"end":{"line":98,"column":null}},"35":{"start":{"line":82,"column":4},"end":{"line":82,"column":null}},"36":{"start":{"line":84,"column":4},"end":{"line":93,"column":null}},"37":{"start":{"line":85,"column":6},"end":{"line":91,"column":null}},"38":{"start":{"line":86,"column":23},"end":{"line":86,"column":null}},"39":{"start":{"line":87,"column":8},"end":{"line":87,"column":null}},"40":{"start":{"line":89,"column":14},"end":{"line":89,"column":null}},"41":{"start":{"line":90,"column":8},"end":{"line":90,"column":null}},"42":{"start":{"line":92,"column":6},"end":{"line":92,"column":null}},"43":{"start":{"line":95,"column":4},"end":{"line":95,"column":null}},"44":{"start":{"line":96,"column":4},"end":{"line":96,"column":null}},"45":{"start":{"line":97,"column":4},"end":{"line":97,"column":null}},"46":{"start":{"line":100,"column":2},"end":{"line":100,"column":null}},"47":{"start":{"line":107,"column":8},"end":{"line":107,"column":null}},"48":{"start":{"line":108,"column":2},"end":{"line":111,"column":null}},"49":{"start":{"line":109,"column":4},"end":{"line":109,"column":null}},"50":{"start":{"line":110,"column":4},"end":{"line":110,"column":null}},"51":{"start":{"line":125,"column":15},"end":{"line":125,"column":null}},"52":{"start":{"line":126,"column":2},"end":{"line":126,"column":null}},"53":{"start":{"line":126,"column":34},"end":{"line":126,"column":68}}},"fnMap":{"0":{"name":"ensureDir","decl":{"start":{"line":8,"column":22},"end":{"line":8,"column":32}},"loc":{"start":{"line":8,"column":60},"end":{"line":10,"column":null}},"line":8},"1":{"name":"copyFiles","decl":{"start":{"line":12,"column":15},"end":{"line":12,"column":25}},"loc":{"start":{"line":12,"column":78},"end":{"line":23,"column":null}},"line":12},"2":{"name":"isSymlinkTo","decl":{"start":{"line":25,"column":15},"end":{"line":25,"column":27}},"loc":{"start":{"line":25,"column":88},"end":{"line":36,"column":null}},"line":25},"3":{"name":"createSymlink","decl":{"start":{"line":38,"column":15},"end":{"line":38,"column":29}},"loc":{"start":{"line":38,"column":98},"end":{"line":44,"column":null}},"line":38},"4":{"name":"buildSymlinkWarning","decl":{"start":{"line":52,"column":16},"end":{"line":52,"column":36}},"loc":{"start":{"line":52,"column":87},"end":{"line":71,"column":null}},"line":52},"5":{"name":"(anonymous_5)","decl":{"start":{"line":53,"column":33},"end":{"line":53,"column":34}},"loc":{"start":{"line":53,"column":45},"end":{"line":53,"column":70}},"line":53},"6":{"name":"installSkillToTargets","decl":{"start":{"line":73,"column":22},"end":{"line":73,"column":null}},"loc":{"start":{"line":77,"column":28},"end":{"line":101,"column":null}},"line":77},"7":{"name":"copySkillToInstallPaths","decl":{"start":{"line":103,"column":22},"end":{"line":103,"column":null}},"loc":{"start":{"line":106,"column":17},"end":{"line":112,"column":null}},"line":106},"8":{"name":"buildTargets","decl":{"start":{"line":120,"column":16},"end":{"line":120,"column":null}},"loc":{"start":{"line":124,"column":16},"end":{"line":127,"column":null}},"line":124},"9":{"name":"(anonymous_9)","decl":{"start":{"line":126,"column":18},"end":{"line":126,"column":19}},"loc":{"start":{"line":126,"column":34},"end":{"line":126,"column":68}},"line":126}},"branchMap":{"0":{"loc":{"start":{"line":18,"column":4},"end":{"line":20,"column":null}},"type":"if","locations":[{"start":{"line":18,"column":4},"end":{"line":20,"column":null}},{"start":{},"end":{}}],"line":18},"1":{"loc":{"start":{"line":28,"column":4},"end":{"line":30,"column":null}},"type":"if","locations":[{"start":{"line":28,"column":4},"end":{"line":30,"column":null}},{"start":{},"end":{}}],"line":28},"2":{"loc":{"start":{"line":39,"column":2},"end":{"line":41,"column":null}},"type":"if","locations":[{"start":{"line":39,"column":2},"end":{"line":41,"column":null}},{"start":{},"end":{}}],"line":39},"3":{"loc":{"start":{"line":54,"column":2},"end":{"line":56,"column":null}},"type":"if","locations":[{"start":{"line":54,"column":2},"end":{"line":56,"column":null}},{"start":{},"end":{}}],"line":54},"4":{"loc":{"start":{"line":62,"column":4},"end":{"line":68,"column":null}},"type":"if","locations":[{"start":{"line":62,"column":4},"end":{"line":68,"column":null}},{"start":{"line":66,"column":11},"end":{"line":68,"column":null}}],"line":62},"5":{"loc":{"start":{"line":67,"column":52},"end":{"line":67,"column":83}},"type":"binary-expr","locations":[{"start":{"line":67,"column":52},"end":{"line":67,"column":68}},{"start":{"line":67,"column":68},"end":{"line":67,"column":83}}],"line":67},"6":{"loc":{"start":{"line":84,"column":4},"end":{"line":93,"column":null}},"type":"if","locations":[{"start":{"line":84,"column":4},"end":{"line":93,"column":null}},{"start":{},"end":{}}],"line":84},"7":{"loc":{"start":{"line":87,"column":46},"end":{"line":87,"column":90}},"type":"cond-expr","locations":[{"start":{"line":87,"column":68},"end":{"line":87,"column":80}},{"start":{"line":87,"column":80},"end":{"line":87,"column":90}}],"line":87},"8":{"loc":{"start":{"line":125,"column":15},"end":{"line":125,"column":null}},"type":"cond-expr","locations":[{"start":{"line":125,"column":34},"end":{"line":125,"column":47}},{"start":{"line":125,"column":47},"end":{"line":125,"column":null}}],"line":125}},"s":{"0":0,"1":0,"2":0,"3":0,"4":0,"5":0,"6":0,"7":0,"8":0,"9":0,"10":0,"11":0,"12":0,"13":0,"14":0,"15":0,"16":0,"17":0,"18":0,"19":0,"20":0,"21":0,"22":0,"23":0,"24":0,"25":0,"26":0,"27":0,"28":0,"29":0,"30":0,"31":0,"32":0,"33":0,"34":0,"35":0,"36":0,"37":0,"38":0,"39":0,"40":0,"41":0,"42":0,"43":0,"44":0,"45":0,"46":0,"47":0,"48":0,"49":0,"50":0,"51":0,"52":0,"53":0},"f":{"0":0,"1":0,"2":0,"3":0,"4":0,"5":0,"6":0,"7":0,"8":0,"9":0},"b":{"0":[0,0],"1":[0,0],"2":[0,0],"3":[0,0],"4":[0,0],"5":[0,0],"6":[0,0],"7":[0,0],"8":[0,0]},"meta":{"lastBranch":9,"lastFunction":10,"lastStatement":54,"seen":{"f:8:22:8:32":0,"s:9:2:9:Infinity":0,"f:12:15:12:25":1,"s:13:18:13:Infinity":1,"s:14:2:22:Infinity":2,"s:15:23:15:Infinity":3,"s:16:21:16:Infinity":4,"s:17:17:17:Infinity":5,"b:18:4:20:Infinity:undefined:undefined:undefined:undefined":0,"s:18:4:20:Infinity":6,"s:19:6:19:Infinity":7,"s:21:4:21:Infinity":8,"f:25:15:25:27":2,"s:26:2:35:Infinity":9,"s:27:17:27:Infinity":10,"b:28:4:30:Infinity:undefined:undefined:undefined:undefined":1,"s:28:4:30:Infinity":11,"s:29:6:29:Infinity":12,"s:31:23:31:Infinity":13,"s:32:4:32:Infinity":14,"s:34:4:34:Infinity":15,"f:38:15:38:29":3,"b:39:2:41:Infinity:undefined:undefined:undefined:undefined":2,"s:39:2:41:Infinity":16,"s:40:4:40:Infinity":17,"s:42:2:42:Infinity":18,"s:43:2:43:Infinity":19,"f:52:16:52:36":4,"s:53:18:53:Infinity":20,"f:53:33:53:34":5,"s:53:45:53:70":21,"b:54:2:56:Infinity:undefined:undefined:undefined:undefined":3,"s:54:2:56:Infinity":22,"s:55:4:55:Infinity":23,"s:58:29:58:Infinity":24,"s:59:2:69:Infinity":25,"s:60:22:60:Infinity":26,"s:61:21:61:Infinity":27,"b:62:4:68:Infinity:66:11:68:Infinity":4,"s:62:4:68:Infinity":28,"s:63:6:65:Infinity":29,"s:67:6:67:Infinity":30,"b:67:52:67:68:67:68:67:83":5,"s:70:2:70:Infinity":31,"f:73:22:73:Infinity":6,"s:78:8:78:Infinity":32,"s:79:35:79:Infinity":33,"s:81:2:98:Infinity":34,"s:82:4:82:Infinity":35,"b:84:4:93:Infinity:undefined:undefined:undefined:undefined":6,"s:84:4:93:Infinity":36,"s:85:6:91:Infinity":37,"s:86:23:86:Infinity":38,"s:87:8:87:Infinity":39,"b:87:68:87:80:87:80:87:90":7,"s:89:14:89:Infinity":40,"s:90:8:90:Infinity":41,"s:92:6:92:Infinity":42,"s:95:4:95:Infinity":43,"s:96:4:96:Infinity":44,"s:97:4:97:Infinity":45,"s:100:2:100:Infinity":46,"f:103:22:103:Infinity":7,"s:107:8:107:Infinity":47,"s:108:2:111:Infinity":48,"s:109:4:109:Infinity":49,"s:110:4:110:Infinity":50,"f:120:16:120:Infinity":8,"s:125:15:125:Infinity":51,"b:125:34:125:47:125:47:125:Infinity":8,"s:126:2:126:Infinity":52,"f:126:18:126:19":9,"s:126:34:126:68":53}}}
,"/Users/christian.anagnostou/Projects/skillbox/src/lib/types.ts": {"path":"/Users/christian.anagnostou/Projects/skillbox/src/lib/types.ts","statementMap":{},"fnMap":{},"branchMap":{},"s":{},"f":{},"b":{},"meta":{"lastBranch":0,"lastFunction":0,"lastStatement":0,"seen":{}}}
}
